# JRE version: OpenJDK Runtime Environment (8.0_242) (build 1.8.0_242-release-1644-b3-6222593)
# Java VM: OpenJDK 64-Bit Server VM (25.242-b3-6222593 mixed mode linux-amd64 compressed oops)
Heap:
 PSYoungGen      total 273408K, used 16844K [0x00000000d5580000, 0x00000000ee300000, 0x0000000100000000)
  eden space 248320K, 0% used [0x00000000d5580000,0x00000000d5580000,0x00000000e4800000)
  from space 25088K, 67% used [0x00000000e4800000,0x00000000e5873330,0x00000000e6080000)
  to   space 25088K, 0% used [0x00000000eca80000,0x00000000eca80000,0x00000000ee300000)
 ParOldGen       total 189952K, used 32243K [0x0000000080000000, 0x000000008b980000, 0x00000000d5580000)
  object space 189952K, 16% used [0x0000000080000000,0x0000000081f7cde8,0x000000008b980000)
 Metaspace       used 56993K, capacity 59106K, committed 59160K, reserved 1099776K
  class space    used 7742K, capacity 8220K, committed 8240K, reserved 1048576K
GC Heap History (10 events):
Event: 1,919 GC heap after
Heap after GC invocations=5 (full 1):
 PSYoungGen      total 191488K, used 10740K [0x00000000d5580000, 0x00000000e6680000, 0x0000000100000000)
  eden space 180736K, 0% used [0x00000000d5580000,0x00000000d5580000,0x00000000e0600000)
  from space 10752K, 99% used [0x00000000e5c00000,0x00000000e667d360,0x00000000e6680000)
  to   space 10752K, 0% used [0x00000000e5180000,0x00000000e5180000,0x00000000e5c00000)
 ParOldGen       total 115712K, used 13815K [0x0000000080000000, 0x0000000087100000, 0x00000000d5580000)
  object space 115712K, 11% used [0x0000000080000000,0x0000000080d7df40,0x0000000087100000)
 Metaspace       used 31774K, capacity 32550K, committed 32816K, reserved 1077248K
  class space    used 4338K, capacity 4576K, committed 4656K, reserved 1048576K
}
Event: 2,197 GC heap before
{Heap before GC invocations=6 (full 1):
 PSYoungGen      total 191488K, used 69425K [0x00000000d5580000, 0x00000000e6680000, 0x0000000100000000)
  eden space 180736K, 32% used [0x00000000d5580000,0x00000000d8ecf320,0x00000000e0600000)
  from space 10752K, 99% used [0x00000000e5c00000,0x00000000e667d360,0x00000000e6680000)
  to   space 10752K, 0% used [0x00000000e5180000,0x00000000e5180000,0x00000000e5c00000)
 ParOldGen       total 115712K, used 13815K [0x0000000080000000, 0x0000000087100000, 0x00000000d5580000)
  object space 115712K, 11% used [0x0000000080000000,0x0000000080d7df40,0x0000000087100000)
 Metaspace       used 34467K, capacity 35396K, committed 35496K, reserved 1079296K
  class space    used 4726K, capacity 4971K, committed 5040K, reserved 1048576K
Event: 2,204 GC heap after
Heap after GC invocations=6 (full 1):
 PSYoungGen      total 268800K, used 10214K [0x00000000d5580000, 0x00000000e6f00000, 0x0000000100000000)
  eden space 258048K, 0% used [0x00000000d5580000,0x00000000d5580000,0x00000000e5180000)
  from space 10752K, 95% used [0x00000000e5180000,0x00000000e5b79bc8,0x00000000e5c00000)
  to   space 14848K, 0% used [0x00000000e6080000,0x00000000e6080000,0x00000000e6f00000)
 ParOldGen       total 115712K, used 13823K [0x0000000080000000, 0x0000000087100000, 0x00000000d5580000)
  object space 115712K, 11% used [0x0000000080000000,0x0000000080d7ff40,0x0000000087100000)
 Metaspace       used 34467K, capacity 35396K, committed 35496K, reserved 1079296K
  class space    used 4726K, capacity 4971K, committed 5040K, reserved 1048576K
}
Event: 2,204 GC heap before
{Heap before GC invocations=7 (full 2):
 PSYoungGen      total 268800K, used 10214K [0x00000000d5580000, 0x00000000e6f00000, 0x0000000100000000)
  eden space 258048K, 0% used [0x00000000d5580000,0x00000000d5580000,0x00000000e5180000)
  from space 10752K, 95% used [0x00000000e5180000,0x00000000e5b79bc8,0x00000000e5c00000)
  to   space 14848K, 0% used [0x00000000e6080000,0x00000000e6080000,0x00000000e6f00000)
 ParOldGen       total 115712K, used 13823K [0x0000000080000000, 0x0000000087100000, 0x00000000d5580000)
  object space 115712K, 11% used [0x0000000080000000,0x0000000080d7ff40,0x0000000087100000)
 Metaspace       used 34467K, capacity 35396K, committed 35496K, reserved 1079296K
  class space    used 4726K, capacity 4971K, committed 5040K, reserved 1048576K
Event: 2,240 GC heap after
Heap after GC invocations=7 (full 2):
 PSYoungGen      total 268800K, used 0K [0x00000000d5580000, 0x00000000e6f00000, 0x0000000100000000)
  eden space 258048K, 0% used [0x00000000d5580000,0x00000000d5580000,0x00000000e5180000)
  from space 10752K, 0% used [0x00000000e5180000,0x00000000e5180000,0x00000000e5c00000)
  to   space 14848K, 0% used [0x00000000e6080000,0x00000000e6080000,0x00000000e6f00000)
 ParOldGen       total 189952K, used 17537K [0x0000000080000000, 0x000000008b980000, 0x00000000d5580000)
  object space 189952K, 9% used [0x0000000080000000,0x0000000081120630,0x000000008b980000)
 Metaspace       used 34467K, capacity 35396K, committed 35496K, reserved 1079296K
  class space    used 4726K, capacity 4971K, committed 5040K, reserved 1048576K
}
Event: 4,318 GC heap before
{Heap before GC invocations=8 (full 2):
 PSYoungGen      total 268800K, used 258048K [0x00000000d5580000, 0x00000000e6f00000, 0x0000000100000000)
  eden space 258048K, 100% used [0x00000000d5580000,0x00000000e5180000,0x00000000e5180000)
  from space 10752K, 0% used [0x00000000e5180000,0x00000000e5180000,0x00000000e5c00000)
  to   space 14848K, 0% used [0x00000000e6080000,0x00000000e6080000,0x00000000e6f00000)
 ParOldGen       total 189952K, used 17537K [0x0000000080000000, 0x000000008b980000, 0x00000000d5580000)
  object space 189952K, 9% used [0x0000000080000000,0x0000000081120630,0x000000008b980000)
 Metaspace       used 55452K, capacity 57488K, committed 57768K, reserved 1099776K
  class space    used 7522K, capacity 8001K, committed 8112K, reserved 1048576K
Event: 4,331 GC heap after
Heap after GC invocations=8 (full 2):
 PSYoungGen      total 263168K, used 14844K [0x00000000d5580000, 0x00000000ed580000, 0x0000000100000000)
  eden space 248320K, 0% used [0x00000000d5580000,0x00000000d5580000,0x00000000e4800000)
  from space 14848K, 99% used [0x00000000e6080000,0x00000000e6eff320,0x00000000e6f00000)
  to   space 25088K, 0% used [0x00000000e4800000,0x00000000e4800000,0x00000000e6080000)
 ParOldGen       total 189952K, used 32235K [0x0000000080000000, 0x000000008b980000, 0x00000000d5580000)
  object space 189952K, 16% used [0x0000000080000000,0x0000000081f7ade8,0x000000008b980000)
 Metaspace       used 55452K, capacity 57488K, committed 57768K, reserved 1099776K
  class space    used 7522K, capacity 8001K, committed 8112K, reserved 1048576K
}
Event: 4,479 GC heap before
{Heap before GC invocations=9 (full 2):
 PSYoungGen      total 263168K, used 42239K [0x00000000d5580000, 0x00000000ed580000, 0x0000000100000000)
  eden space 248320K, 11% used [0x00000000d5580000,0x00000000d7040b30,0x00000000e4800000)
  from space 14848K, 99% used [0x00000000e6080000,0x00000000e6eff320,0x00000000e6f00000)
  to   space 25088K, 0% used [0x00000000e4800000,0x00000000e4800000,0x00000000e6080000)
 ParOldGen       total 189952K, used 32235K [0x0000000080000000, 0x000000008b980000, 0x00000000d5580000)
  object space 189952K, 16% used [0x0000000080000000,0x0000000081f7ade8,0x000000008b980000)
 Metaspace       used 56993K, capacity 59106K, committed 59160K, reserved 1099776K
  class space    used 7742K, capacity 8220K, committed 8240K, reserved 1048576K
Event: 4,486 GC heap after
Heap after GC invocations=9 (full 2):
 PSYoungGen      total 273408K, used 16844K [0x00000000d5580000, 0x00000000ee300000, 0x0000000100000000)
  eden space 248320K, 0% used [0x00000000d5580000,0x00000000d5580000,0x00000000e4800000)
  from space 25088K, 67% used [0x00000000e4800000,0x00000000e5873330,0x00000000e6080000)
  to   space 25088K, 0% used [0x00000000eca80000,0x00000000eca80000,0x00000000ee300000)
 ParOldGen       total 189952K, used 32243K [0x0000000080000000, 0x000000008b980000, 0x00000000d5580000)
  object space 189952K, 16% used [0x0000000080000000,0x0000000081f7cde8,0x000000008b980000)
 Metaspace       used 56993K, capacity 59106K, committed 59160K, reserved 1099776K
  class space    used 7742K, capacity 8220K, committed 8240K, reserved 1048576K
}
Event: 4,486 GC heap before
{Heap before GC invocations=10 (full 3):
 PSYoungGen      total 273408K, used 16844K [0x00000000d5580000, 0x00000000ee300000, 0x0000000100000000)
  eden space 248320K, 0% used [0x00000000d5580000,0x00000000d5580000,0x00000000e4800000)
  from space 25088K, 67% used [0x00000000e4800000,0x00000000e5873330,0x00000000e6080000)
  to   space 25088K, 0% used [0x00000000eca80000,0x00000000eca80000,0x00000000ee300000)
 ParOldGen       total 189952K, used 32243K [0x0000000080000000, 0x000000008b980000, 0x00000000d5580000)
  object space 189952K, 16% used [0x0000000080000000,0x0000000081f7cde8,0x000000008b980000)
 Metaspace       used 56993K, capacity 59106K, committed 59160K, reserved 1099776K
  class space    used 7742K, capacity 8220K, committed 8240K, reserved 1048576K

