# JRE version: OpenJDK Runtime Environment (8.0_242) (build 1.8.0_242-release-1644-b3-6222593)
# Java VM: OpenJDK 64-Bit Server VM (25.242-b3-6222593 mixed mode linux-amd64 compressed oops)
Heap:
 PSYoungGen      total 250368K, used 62331K [0x00000000d5580000, 0x00000000f2300000, 0x0000000100000000)
  eden space 235520K, 20% used [0x00000000d5580000,0x00000000d83e1a10,0x00000000e3b80000)
  from space 14848K, 99% used [0x00000000e3b80000,0x00000000e49fd560,0x00000000e4a00000)
  to   space 20992K, 0% used [0x00000000f0e80000,0x00000000f0e80000,0x00000000f2300000)
 ParOldGen       total 101376K, used 25859K [0x0000000080000000, 0x0000000086300000, 0x00000000d5580000)
  object space 101376K, 25% used [0x0000000080000000,0x0000000081940e90,0x0000000086300000)
 Metaspace       used 54457K, capacity 56570K, committed 56744K, reserved 1097728K
  class space    used 7314K, capacity 7801K, committed 7856K, reserved 1048576K
GC Heap History (10 events):
Event: 1,616 GC heap before
{Heap before GC invocations=5 (full 1):
 PSYoungGen      total 139776K, used 7380K [0x00000000d5580000, 0x00000000e6580000, 0x0000000100000000)
  eden space 129024K, 0% used [0x00000000d5580000,0x00000000d5580000,0x00000000dd380000)
  from space 10752K, 68% used [0x00000000dde00000,0x00000000de535050,0x00000000de880000)
  to   space 10752K, 0% used [0x00000000dd380000,0x00000000dd380000,0x00000000dde00000)
 ParOldGen       total 172032K, used 1094K [0x0000000080000000, 0x000000008a800000, 0x00000000d5580000)
  object space 172032K, 0% used [0x0000000080000000,0x00000000801119e8,0x000000008a800000)
 Metaspace       used 20489K, capacity 21214K, committed 21296K, reserved 1067008K
  class space    used 2888K, capacity 3093K, committed 3120K, reserved 1048576K
Event: 1,636 GC heap after
Heap after GC invocations=5 (full 1):
 PSYoungGen      total 139776K, used 0K [0x00000000d5580000, 0x00000000e6580000, 0x0000000100000000)
  eden space 129024K, 0% used [0x00000000d5580000,0x00000000d5580000,0x00000000dd380000)
  from space 10752K, 0% used [0x00000000dde00000,0x00000000dde00000,0x00000000de880000)
  to   space 10752K, 0% used [0x00000000dd380000,0x00000000dd380000,0x00000000dde00000)
 ParOldGen       total 80384K, used 7127K [0x0000000080000000, 0x0000000084e80000, 0x00000000d5580000)
  object space 80384K, 8% used [0x0000000080000000,0x00000000806f5f18,0x0000000084e80000)
 Metaspace       used 20489K, capacity 21214K, committed 21296K, reserved 1067008K
  class space    used 2888K, capacity 3093K, committed 3120K, reserved 1048576K
}
Event: 5,135 GC heap before
{Heap before GC invocations=6 (full 1):
 PSYoungGen      total 139776K, used 129024K [0x00000000d5580000, 0x00000000e6580000, 0x0000000100000000)
  eden space 129024K, 100% used [0x00000000d5580000,0x00000000dd380000,0x00000000dd380000)
  from space 10752K, 0% used [0x00000000dde00000,0x00000000dde00000,0x00000000de880000)
  to   space 10752K, 0% used [0x00000000dd380000,0x00000000dd380000,0x00000000dde00000)
 ParOldGen       total 80384K, used 7127K [0x0000000080000000, 0x0000000084e80000, 0x00000000d5580000)
  object space 80384K, 8% used [0x0000000080000000,0x00000000806f5f18,0x0000000084e80000)
 Metaspace       used 31949K, capacity 32890K, committed 33072K, reserved 1077248K
  class space    used 4347K, capacity 4632K, committed 4656K, reserved 1048576K
Event: 5,142 GC heap after
Heap after GC invocations=6 (full 1):
 PSYoungGen      total 139776K, used 10732K [0x00000000d5580000, 0x00000000e5d80000, 0x0000000100000000)
  eden space 129024K, 0% used [0x00000000d5580000,0x00000000d5580000,0x00000000dd380000)
  from space 10752K, 99% used [0x00000000dd380000,0x00000000dddfb188,0x00000000dde00000)
  to   space 15360K, 0% used [0x00000000e4e80000,0x00000000e4e80000,0x00000000e5d80000)
 ParOldGen       total 80384K, used 9372K [0x0000000080000000, 0x0000000084e80000, 0x00000000d5580000)
  object space 80384K, 11% used [0x0000000080000000,0x0000000080927078,0x0000000084e80000)
 Metaspace       used 31949K, capacity 32890K, committed 33072K, reserved 1077248K
  class space    used 4347K, capacity 4632K, committed 4656K, reserved 1048576K
}
Event: 7,833 GC heap before
{Heap before GC invocations=7 (full 1):
 PSYoungGen      total 139776K, used 58572K [0x00000000d5580000, 0x00000000e5d80000, 0x0000000100000000)
  eden space 129024K, 37% used [0x00000000d5580000,0x00000000d8438070,0x00000000dd380000)
  from space 10752K, 99% used [0x00000000dd380000,0x00000000dddfb188,0x00000000dde00000)
  to   space 15360K, 0% used [0x00000000e4e80000,0x00000000e4e80000,0x00000000e5d80000)
 ParOldGen       total 80384K, used 9372K [0x0000000080000000, 0x0000000084e80000, 0x00000000d5580000)
  object space 80384K, 11% used [0x0000000080000000,0x0000000080927078,0x0000000084e80000)
 Metaspace       used 34361K, capacity 35462K, committed 35496K, reserved 1079296K
  class space    used 4694K, capacity 5009K, committed 5040K, reserved 1048576K
Event: 7,843 GC heap after
Heap after GC invocations=7 (full 1):
 PSYoungGen      total 245248K, used 10122K [0x00000000d5580000, 0x00000000e5880000, 0x0000000100000000)
  eden space 235008K, 0% used [0x00000000d5580000,0x00000000d5580000,0x00000000e3b00000)
  from space 10240K, 98% used [0x00000000e4e80000,0x00000000e58628d0,0x00000000e5880000)
  to   space 14848K, 0% used [0x00000000e3b80000,0x00000000e3b80000,0x00000000e4a00000)
 ParOldGen       total 80384K, used 9380K [0x0000000080000000, 0x0000000084e80000, 0x00000000d5580000)
  object space 80384K, 11% used [0x0000000080000000,0x0000000080929078,0x0000000084e80000)
 Metaspace       used 34361K, capacity 35462K, committed 35496K, reserved 1079296K
  class space    used 4694K, capacity 5009K, committed 5040K, reserved 1048576K
}
Event: 7,843 GC heap before
{Heap before GC invocations=8 (full 2):
 PSYoungGen      total 245248K, used 10122K [0x00000000d5580000, 0x00000000e5880000, 0x0000000100000000)
  eden space 235008K, 0% used [0x00000000d5580000,0x00000000d5580000,0x00000000e3b00000)
  from space 10240K, 98% used [0x00000000e4e80000,0x00000000e58628d0,0x00000000e5880000)
  to   space 14848K, 0% used [0x00000000e3b80000,0x00000000e3b80000,0x00000000e4a00000)
 ParOldGen       total 80384K, used 9380K [0x0000000080000000, 0x0000000084e80000, 0x00000000d5580000)
  object space 80384K, 11% used [0x0000000080000000,0x0000000080929078,0x0000000084e80000)
 Metaspace       used 34361K, capacity 35462K, committed 35496K, reserved 1079296K
  class space    used 4694K, capacity 5009K, committed 5040K, reserved 1048576K
Event: 7,874 GC heap after
Heap after GC invocations=8 (full 2):
 PSYoungGen      total 245248K, used 0K [0x00000000d5580000, 0x00000000e5880000, 0x0000000100000000)
  eden space 235008K, 0% used [0x00000000d5580000,0x00000000d5580000,0x00000000e3b00000)
  from space 10240K, 0% used [0x00000000e4e80000,0x00000000e4e80000,0x00000000e5880000)
  to   space 14848K, 0% used [0x00000000e3b80000,0x00000000e3b80000,0x00000000e4a00000)
 ParOldGen       total 101376K, used 16803K [0x0000000080000000, 0x0000000086300000, 0x00000000d5580000)
  object space 101376K, 16% used [0x0000000080000000,0x0000000081068cf8,0x0000000086300000)
 Metaspace       used 34361K, capacity 35462K, committed 35496K, reserved 1079296K
  class space    used 4694K, capacity 5009K, committed 5040K, reserved 1048576K
}
Event: 10,543 GC heap before
{Heap before GC invocations=9 (full 2):
 PSYoungGen      total 245248K, used 235008K [0x00000000d5580000, 0x00000000e5880000, 0x0000000100000000)
  eden space 235008K, 100% used [0x00000000d5580000,0x00000000e3b00000,0x00000000e3b00000)
  from space 10240K, 0% used [0x00000000e4e80000,0x00000000e4e80000,0x00000000e5880000)
  to   space 14848K, 0% used [0x00000000e3b80000,0x00000000e3b80000,0x00000000e4a00000)
 ParOldGen       total 101376K, used 16803K [0x0000000080000000, 0x0000000086300000, 0x00000000d5580000)
  object space 101376K, 16% used [0x0000000080000000,0x0000000081068cf8,0x0000000086300000)
 Metaspace       used 51816K, capacity 53616K, committed 53672K, reserved 1095680K
  class space    used 6914K, capacity 7322K, committed 7344K, reserved 1048576K
Event: 10,556 GC heap after
Heap after GC invocations=9 (full 2):
 PSYoungGen      total 250368K, used 14837K [0x00000000d5580000, 0x00000000f2300000, 0x0000000100000000)
  eden space 235520K, 0% used [0x00000000d5580000,0x00000000d5580000,0x00000000e3b80000)
  from space 14848K, 99% used [0x00000000e3b80000,0x00000000e49fd560,0x00000000e4a00000)
  to   space 20992K, 0% used [0x00000000f0e80000,0x00000000f0e80000,0x00000000f2300000)
 ParOldGen       total 101376K, used 25859K [0x0000000080000000, 0x0000000086300000, 0x00000000d5580000)
  object space 101376K, 25% used [0x0000000080000000,0x0000000081940e90,0x0000000086300000)
 Metaspace       used 51816K, capacity 53616K, committed 53672K, reserved 1095680K
  class space    used 6914K, capacity 7322K, committed 7344K, reserved 1048576K
}

