# JRE version: OpenJDK Runtime Environment (8.0_242) (build 1.8.0_242-release-1644-b3-6222593)
# Java VM: OpenJDK 64-Bit Server VM (25.242-b3-6222593 mixed mode linux-amd64 compressed oops)
Heap:
 PSYoungGen      total 189952K, used 138074K [0x000000076c900000, 0x000000077b000000, 0x00000007c0000000)
  eden space 179200K, 77% used [0x000000076c900000,0x0000000774fd69f8,0x0000000777800000)
  from space 10752K, 0% used [0x0000000778280000,0x0000000778280000,0x0000000778d00000)
  to   space 10752K, 0% used [0x0000000777800000,0x0000000777800000,0x0000000778280000)
 ParOldGen       total 170496K, used 14859K [0x00000006c5a00000, 0x00000006d0080000, 0x000000076c900000)
  object space 170496K, 8% used [0x00000006c5a00000,0x00000006c6882fc8,0x00000006d0080000)
 Metaspace       used 44763K, capacity 45542K, committed 45824K, reserved 1089536K
  class space    used 5447K, capacity 5614K, committed 5632K, reserved 1048576K
GC Heap History (10 events):
Event: 0,688 GC heap before
{Heap before GC invocations=2 (full 0):
 PSYoungGen      total 75264K, used 30708K [0x000000076c900000, 0x0000000775c00000, 0x00000007c0000000)
  eden space 64512K, 30% used [0x000000076c900000,0x000000076dc7e258,0x0000000770800000)
  from space 10752K, 99% used [0x0000000770800000,0x000000077127f128,0x0000000771280000)
  to   space 10752K, 0% used [0x0000000775180000,0x0000000775180000,0x0000000775c00000)
 ParOldGen       total 172032K, used 4552K [0x00000006c5a00000, 0x00000006d0200000, 0x000000076c900000)
  object space 172032K, 2% used [0x00000006c5a00000,0x00000006c5e720d8,0x00000006d0200000)
 Metaspace       used 20734K, capacity 21098K, committed 21248K, reserved 1069056K
  class space    used 2407K, capacity 2521K, committed 2560K, reserved 1048576K
Event: 0,692 GC heap after
Heap after GC invocations=2 (full 0):
 PSYoungGen      total 139776K, used 9560K [0x000000076c900000, 0x0000000775c00000, 0x00000007c0000000)
  eden space 129024K, 0% used [0x000000076c900000,0x000000076c900000,0x0000000774700000)
  from space 10752K, 88% used [0x0000000775180000,0x0000000775ad6148,0x0000000775c00000)
  to   space 10752K, 0% used [0x0000000774700000,0x0000000774700000,0x0000000775180000)
 ParOldGen       total 172032K, used 4624K [0x00000006c5a00000, 0x00000006d0200000, 0x000000076c900000)
  object space 172032K, 2% used [0x00000006c5a00000,0x00000006c5e840e8,0x00000006d0200000)
 Metaspace       used 20734K, capacity 21098K, committed 21248K, reserved 1069056K
  class space    used 2407K, capacity 2521K, committed 2560K, reserved 1048576K
}
Event: 0,692 GC heap before
{Heap before GC invocations=3 (full 1):
 PSYoungGen      total 139776K, used 9560K [0x000000076c900000, 0x0000000775c00000, 0x00000007c0000000)
  eden space 129024K, 0% used [0x000000076c900000,0x000000076c900000,0x0000000774700000)
  from space 10752K, 88% used [0x0000000775180000,0x0000000775ad6148,0x0000000775c00000)
  to   space 10752K, 0% used [0x0000000774700000,0x0000000774700000,0x0000000775180000)
 ParOldGen       total 172032K, used 4624K [0x00000006c5a00000, 0x00000006d0200000, 0x000000076c900000)
  object space 172032K, 2% used [0x00000006c5a00000,0x00000006c5e840e8,0x00000006d0200000)
 Metaspace       used 20734K, capacity 21098K, committed 21248K, reserved 1069056K
  class space    used 2407K, capacity 2521K, committed 2560K, reserved 1048576K
Event: 0,716 GC heap after
Heap after GC invocations=3 (full 1):
 PSYoungGen      total 139776K, used 0K [0x000000076c900000, 0x0000000775c00000, 0x00000007c0000000)
  eden space 129024K, 0% used [0x000000076c900000,0x000000076c900000,0x0000000774700000)
  from space 10752K, 0% used [0x0000000775180000,0x0000000775180000,0x0000000775c00000)
  to   space 10752K, 0% used [0x0000000774700000,0x0000000774700000,0x0000000775180000)
 ParOldGen       total 118272K, used 9180K [0x00000006c5a00000, 0x00000006ccd80000, 0x000000076c900000)
  object space 118272K, 7% used [0x00000006c5a00000,0x00000006c62f7128,0x00000006ccd80000)
 Metaspace       used 20734K, capacity 21098K, committed 21248K, reserved 1069056K
  class space    used 2407K, capacity 2521K, committed 2560K, reserved 1048576K
}
Event: 1,279 GC heap before
{Heap before GC invocations=4 (full 1):
 PSYoungGen      total 139776K, used 96573K [0x000000076c900000, 0x0000000775c00000, 0x00000007c0000000)
  eden space 129024K, 74% used [0x000000076c900000,0x000000077274f768,0x0000000774700000)
  from space 10752K, 0% used [0x0000000775180000,0x0000000775180000,0x0000000775c00000)
  to   space 10752K, 0% used [0x0000000774700000,0x0000000774700000,0x0000000775180000)
 ParOldGen       total 118272K, used 9180K [0x00000006c5a00000, 0x00000006ccd80000, 0x000000076c900000)
  object space 118272K, 7% used [0x00000006c5a00000,0x00000006c62f7128,0x00000006ccd80000)
 Metaspace       used 34746K, capacity 35249K, committed 35672K, reserved 1081344K
  class space    used 4432K, capacity 4574K, committed 4608K, reserved 1048576K
Event: 1,289 GC heap after
Heap after GC invocations=4 (full 1):
 PSYoungGen      total 139776K, used 10722K [0x000000076c900000, 0x0000000778d00000, 0x00000007c0000000)
  eden space 129024K, 0% used [0x000000076c900000,0x000000076c900000,0x0000000774700000)
  from space 10752K, 99% used [0x0000000774700000,0x0000000775178a08,0x0000000775180000)
  to   space 10752K, 0% used [0x0000000778280000,0x0000000778280000,0x0000000778d00000)
 ParOldGen       total 118272K, used 21012K [0x00000006c5a00000, 0x00000006ccd80000, 0x000000076c900000)
  object space 118272K, 17% used [0x00000006c5a00000,0x00000006c6e85050,0x00000006ccd80000)
 Metaspace       used 34746K, capacity 35249K, committed 35672K, reserved 1081344K
  class space    used 4432K, capacity 4574K, committed 4608K, reserved 1048576K
}
Event: 1,305 GC heap before
{Heap before GC invocations=5 (full 1):
 PSYoungGen      total 139776K, used 13214K [0x000000076c900000, 0x0000000778d00000, 0x00000007c0000000)
  eden space 129024K, 1% used [0x000000076c900000,0x000000076cb6efb8,0x0000000774700000)
  from space 10752K, 99% used [0x0000000774700000,0x0000000775178a08,0x0000000775180000)
  to   space 10752K, 0% used [0x0000000778280000,0x0000000778280000,0x0000000778d00000)
 ParOldGen       total 118272K, used 21012K [0x00000006c5a00000, 0x00000006ccd80000, 0x000000076c900000)
  object space 118272K, 17% used [0x00000006c5a00000,0x00000006c6e85050,0x00000006ccd80000)
 Metaspace       used 35102K, capacity 35541K, committed 35748K, reserved 1081344K
  class space    used 4462K, capacity 4608K, committed 4608K, reserved 1048576K
Event: 1,308 GC heap after
Heap after GC invocations=5 (full 1):
 PSYoungGen      total 189952K, used 9253K [0x000000076c900000, 0x000000077b000000, 0x00000007c0000000)
  eden space 179200K, 0% used [0x000000076c900000,0x000000076c900000,0x0000000777800000)
  from space 10752K, 86% used [0x0000000778280000,0x0000000778b89788,0x0000000778d00000)
  to   space 10752K, 0% used [0x0000000777800000,0x0000000777800000,0x0000000778280000)
 ParOldGen       total 118272K, used 21020K [0x00000006c5a00000, 0x00000006ccd80000, 0x000000076c900000)
  object space 118272K, 17% used [0x00000006c5a00000,0x00000006c6e87050,0x00000006ccd80000)
 Metaspace       used 35102K, capacity 35541K, committed 35748K, reserved 1081344K
  class space    used 4462K, capacity 4608K, committed 4608K, reserved 1048576K
}
Event: 1,308 GC heap before
{Heap before GC invocations=6 (full 2):
 PSYoungGen      total 189952K, used 9253K [0x000000076c900000, 0x000000077b000000, 0x00000007c0000000)
  eden space 179200K, 0% used [0x000000076c900000,0x000000076c900000,0x0000000777800000)
  from space 10752K, 86% used [0x0000000778280000,0x0000000778b89788,0x0000000778d00000)
  to   space 10752K, 0% used [0x0000000777800000,0x0000000777800000,0x0000000778280000)
 ParOldGen       total 118272K, used 21020K [0x00000006c5a00000, 0x00000006ccd80000, 0x000000076c900000)
  object space 118272K, 17% used [0x00000006c5a00000,0x00000006c6e87050,0x00000006ccd80000)
 Metaspace       used 35102K, capacity 35541K, committed 35748K, reserved 1081344K
  class space    used 4462K, capacity 4608K, committed 4608K, reserved 1048576K
Event: 1,337 GC heap after
Heap after GC invocations=6 (full 2):
 PSYoungGen      total 189952K, used 0K [0x000000076c900000, 0x000000077b000000, 0x00000007c0000000)
  eden space 179200K, 0% used [0x000000076c900000,0x000000076c900000,0x0000000777800000)
  from space 10752K, 0% used [0x0000000778280000,0x0000000778280000,0x0000000778d00000)
  to   space 10752K, 0% used [0x0000000777800000,0x0000000777800000,0x0000000778280000)
 ParOldGen       total 170496K, used 14859K [0x00000006c5a00000, 0x00000006d0080000, 0x000000076c900000)
  object space 170496K, 8% used [0x00000006c5a00000,0x00000006c6882fc8,0x00000006d0080000)
 Metaspace       used 35102K, capacity 35541K, committed 35748K, reserved 1081344K
  class space    used 4462K, capacity 4608K, committed 4608K, reserved 1048576K
}

