# JRE version: OpenJDK Runtime Environment (8.0_242) (build 1.8.0_242-release-1644-b3-6222593)
# Java VM: OpenJDK 64-Bit Server VM (25.242-b3-6222593 mixed mode linux-amd64 compressed oops)
Heap:
 PSYoungGen      total 139776K, used 51292K [0x00000000d5580000, 0x00000000de880000, 0x0000000100000000)
  eden space 129024K, 32% used [0x00000000d5580000,0x00000000d7e18428,0x00000000dd380000)
  from space 10752K, 90% used [0x00000000dde00000,0x00000000de77ed00,0x00000000de880000)
  to   space 10752K, 0% used [0x00000000dd380000,0x00000000dd380000,0x00000000dde00000)
 ParOldGen       total 172032K, used 24K [0x0000000080000000, 0x000000008a800000, 0x00000000d5580000)
  object space 172032K, 0% used [0x0000000080000000,0x0000000080006000,0x000000008a800000)
 Metaspace       used 18602K, capacity 19154K, committed 19456K, reserved 1067008K
  class space    used 2582K, capacity 2773K, committed 2816K, reserved 1048576K
GC Heap History (4 events):
Event: 0,331 GC heap before
{Heap before GC invocations=1 (full 0):
 PSYoungGen      total 75264K, used 64512K [0x00000000d5580000, 0x00000000da980000, 0x0000000100000000)
  eden space 64512K, 100% used [0x00000000d5580000,0x00000000d9480000,0x00000000d9480000)
  from space 10752K, 0% used [0x00000000d9f00000,0x00000000d9f00000,0x00000000da980000)
  to   space 10752K, 0% used [0x00000000d9480000,0x00000000d9480000,0x00000000d9f00000)
 ParOldGen       total 172032K, used 0K [0x0000000080000000, 0x000000008a800000, 0x00000000d5580000)
  object space 172032K, 0% used [0x0000000080000000,0x0000000080000000,0x000000008a800000)
 Metaspace       used 7588K, capacity 7800K, committed 8064K, reserved 1056768K
  class space    used 964K, capacity 1072K, committed 1152K, reserved 1048576K
Event: 0,337 GC heap after
Heap after GC invocations=1 (full 0):
 PSYoungGen      total 75264K, used 6171K [0x00000000d5580000, 0x00000000de880000, 0x0000000100000000)
  eden space 64512K, 0% used [0x00000000d5580000,0x00000000d5580000,0x00000000d9480000)
  from space 10752K, 57% used [0x00000000d9480000,0x00000000d9a86e00,0x00000000d9f00000)
  to   space 10752K, 0% used [0x00000000dde00000,0x00000000dde00000,0x00000000de880000)
 ParOldGen       total 172032K, used 16K [0x0000000080000000, 0x000000008a800000, 0x00000000d5580000)
  object space 172032K, 0% used [0x0000000080000000,0x0000000080004000,0x000000008a800000)
 Metaspace       used 7588K, capacity 7800K, committed 8064K, reserved 1056768K
  class space    used 964K, capacity 1072K, committed 1152K, reserved 1048576K
}
Event: 0,641 GC heap before
{Heap before GC invocations=2 (full 0):
 PSYoungGen      total 75264K, used 70683K [0x00000000d5580000, 0x00000000de880000, 0x0000000100000000)
  eden space 64512K, 100% used [0x00000000d5580000,0x00000000d9480000,0x00000000d9480000)
  from space 10752K, 57% used [0x00000000d9480000,0x00000000d9a86e00,0x00000000d9f00000)
  to   space 10752K, 0% used [0x00000000dde00000,0x00000000dde00000,0x00000000de880000)
 ParOldGen       total 172032K, used 16K [0x0000000080000000, 0x000000008a800000, 0x00000000d5580000)
  object space 172032K, 0% used [0x0000000080000000,0x0000000080004000,0x000000008a800000)
 Metaspace       used 15192K, capacity 15592K, committed 15872K, reserved 1062912K
  class space    used 2042K, capacity 2188K, committed 2304K, reserved 1048576K
Event: 0,647 GC heap after
Heap after GC invocations=2 (full 0):
 PSYoungGen      total 139776K, used 9723K [0x00000000d5580000, 0x00000000de880000, 0x0000000100000000)
  eden space 129024K, 0% used [0x00000000d5580000,0x00000000d5580000,0x00000000dd380000)
  from space 10752K, 90% used [0x00000000dde00000,0x00000000de77ed00,0x00000000de880000)
  to   space 10752K, 0% used [0x00000000dd380000,0x00000000dd380000,0x00000000dde00000)
 ParOldGen       total 172032K, used 24K [0x0000000080000000, 0x000000008a800000, 0x00000000d5580000)
  object space 172032K, 0% used [0x0000000080000000,0x0000000080006000,0x000000008a800000)
 Metaspace       used 15192K, capacity 15592K, committed 15872K, reserved 1062912K
  class space    used 2042K, capacity 2188K, committed 2304K, reserved 1048576K
}

