# JRE version: OpenJDK Runtime Environment (8.0_242) (build 1.8.0_242-release-1644-b3-6222593)
# Java VM: OpenJDK 64-Bit Server VM (25.242-b3-6222593 mixed mode linux-amd64 compressed oops)
Heap:
 PSYoungGen      total 195072K, used 130927K [0x00000000d5580000, 0x00000000e4c80000, 0x0000000100000000)
  eden space 179712K, 64% used [0x00000000d5580000,0x00000000dc6a79d0,0x00000000e0500000)
  from space 15360K, 98% used [0x00000000e3d80000,0x00000000e4c34370,0x00000000e4c80000)
  to   space 17408K, 0% used [0x00000000e2a80000,0x00000000e2a80000,0x00000000e3b80000)
 ParOldGen       total 165376K, used 17628K [0x0000000080000000, 0x000000008a180000, 0x00000000d5580000)
  object space 165376K, 10% used [0x0000000080000000,0x00000000811373e0,0x000000008a180000)
 Metaspace       used 55174K, capacity 57166K, committed 57384K, reserved 1099776K
  class space    used 7480K, capacity 7900K, committed 7984K, reserved 1048576K
GC Heap History (10 events):
Event: 3,847 GC heap before
{Heap before GC invocations=4 (full 1):
 PSYoungGen      total 139776K, used 10725K [0x00000000d5580000, 0x00000000de880000, 0x0000000100000000)
  eden space 129024K, 0% used [0x00000000d5580000,0x00000000d5580000,0x00000000dd380000)
  from space 10752K, 99% used [0x00000000dd380000,0x00000000dddf97b0,0x00000000dde00000)
  to   space 10752K, 0% used [0x00000000dde00000,0x00000000dde00000,0x00000000de880000)
 ParOldGen       total 172032K, used 1041K [0x0000000080000000, 0x000000008a800000, 0x00000000d5580000)
  object space 172032K, 0% used [0x0000000080000000,0x00000000801045e8,0x000000008a800000)
 Metaspace       used 20594K, capacity 21210K, committed 21296K, reserved 1067008K
  class space    used 2892K, capacity 3083K, committed 3120K, reserved 1048576K
Event: 3,869 GC heap after
Heap after GC invocations=4 (full 1):
 PSYoungGen      total 139776K, used 0K [0x00000000d5580000, 0x00000000de880000, 0x0000000100000000)
  eden space 129024K, 0% used [0x00000000d5580000,0x00000000d5580000,0x00000000dd380000)
  from space 10752K, 0% used [0x00000000dd380000,0x00000000dd380000,0x00000000dde00000)
  to   space 10752K, 0% used [0x00000000dde00000,0x00000000dde00000,0x00000000de880000)
 ParOldGen       total 102912K, used 11324K [0x0000000080000000, 0x0000000086480000, 0x00000000d5580000)
  object space 102912K, 11% used [0x0000000080000000,0x0000000080b0f1a8,0x0000000086480000)
 Metaspace       used 20594K, capacity 21210K, committed 21296K, reserved 1067008K
  class space    used 2892K, capacity 3083K, committed 3120K, reserved 1048576K
}
Event: 4,460 GC heap before
{Heap before GC invocations=5 (full 1):
 PSYoungGen      total 139776K, used 129024K [0x00000000d5580000, 0x00000000de880000, 0x0000000100000000)
  eden space 129024K, 100% used [0x00000000d5580000,0x00000000dd380000,0x00000000dd380000)
  from space 10752K, 0% used [0x00000000dd380000,0x00000000dd380000,0x00000000dde00000)
  to   space 10752K, 0% used [0x00000000dde00000,0x00000000dde00000,0x00000000de880000)
 ParOldGen       total 102912K, used 11324K [0x0000000080000000, 0x0000000086480000, 0x00000000d5580000)
  object space 102912K, 11% used [0x0000000080000000,0x0000000080b0f1a8,0x0000000086480000)
 Metaspace       used 32006K, capacity 32812K, committed 33072K, reserved 1077248K
  class space    used 4366K, capacity 4577K, committed 4656K, reserved 1048576K
Event: 4,467 GC heap after
Heap after GC invocations=5 (full 1):
 PSYoungGen      total 139776K, used 10728K [0x00000000d5580000, 0x00000000e3780000, 0x0000000100000000)
  eden space 129024K, 0% used [0x00000000d5580000,0x00000000d5580000,0x00000000dd380000)
  from space 10752K, 99% used [0x00000000dde00000,0x00000000de87a130,0x00000000de880000)
  to   space 10752K, 0% used [0x00000000dd380000,0x00000000dd380000,0x00000000dde00000)
 ParOldGen       total 102912K, used 14446K [0x0000000080000000, 0x0000000086480000, 0x00000000d5580000)
  object space 102912K, 14% used [0x0000000080000000,0x0000000080e1b878,0x0000000086480000)
 Metaspace       used 32006K, capacity 32812K, committed 33072K, reserved 1077248K
  class space    used 4366K, capacity 4577K, committed 4656K, reserved 1048576K
}
Event: 4,649 GC heap before
{Heap before GC invocations=6 (full 1):
 PSYoungGen      total 139776K, used 66942K [0x00000000d5580000, 0x00000000e3780000, 0x0000000100000000)
  eden space 129024K, 43% used [0x00000000d5580000,0x00000000d8c65878,0x00000000dd380000)
  from space 10752K, 99% used [0x00000000dde00000,0x00000000de87a130,0x00000000de880000)
  to   space 10752K, 0% used [0x00000000dd380000,0x00000000dd380000,0x00000000dde00000)
 ParOldGen       total 102912K, used 14446K [0x0000000080000000, 0x0000000086480000, 0x00000000d5580000)
  object space 102912K, 14% used [0x0000000080000000,0x0000000080e1b878,0x0000000086480000)
 Metaspace       used 34500K, capacity 35410K, committed 35496K, reserved 1079296K
  class space    used 4724K, capacity 4972K, committed 5040K, reserved 1048576K
Event: 4,655 GC heap after
Heap after GC invocations=6 (full 1):
 PSYoungGen      total 139776K, used 10194K [0x00000000d5580000, 0x00000000e4c80000, 0x0000000100000000)
  eden space 129024K, 0% used [0x00000000d5580000,0x00000000d5580000,0x00000000dd380000)
  from space 10752K, 94% used [0x00000000dd380000,0x00000000ddd74a10,0x00000000dde00000)
  to   space 15360K, 0% used [0x00000000e3d80000,0x00000000e3d80000,0x00000000e4c80000)
 ParOldGen       total 102912K, used 14454K [0x0000000080000000, 0x0000000086480000, 0x00000000d5580000)
  object space 102912K, 14% used [0x0000000080000000,0x0000000080e1d878,0x0000000086480000)
 Metaspace       used 34500K, capacity 35410K, committed 35496K, reserved 1079296K
  class space    used 4724K, capacity 4972K, committed 5040K, reserved 1048576K
}
Event: 4,655 GC heap before
{Heap before GC invocations=7 (full 2):
 PSYoungGen      total 139776K, used 10194K [0x00000000d5580000, 0x00000000e4c80000, 0x0000000100000000)
  eden space 129024K, 0% used [0x00000000d5580000,0x00000000d5580000,0x00000000dd380000)
  from space 10752K, 94% used [0x00000000dd380000,0x00000000ddd74a10,0x00000000dde00000)
  to   space 15360K, 0% used [0x00000000e3d80000,0x00000000e3d80000,0x00000000e4c80000)
 ParOldGen       total 102912K, used 14454K [0x0000000080000000, 0x0000000086480000, 0x00000000d5580000)
  object space 102912K, 14% used [0x0000000080000000,0x0000000080e1d878,0x0000000086480000)
 Metaspace       used 34500K, capacity 35410K, committed 35496K, reserved 1079296K
  class space    used 4724K, capacity 4972K, committed 5040K, reserved 1048576K
Event: 4,686 GC heap after
Heap after GC invocations=7 (full 2):
 PSYoungGen      total 139776K, used 0K [0x00000000d5580000, 0x00000000e4c80000, 0x0000000100000000)
  eden space 129024K, 0% used [0x00000000d5580000,0x00000000d5580000,0x00000000dd380000)
  from space 10752K, 0% used [0x00000000dd380000,0x00000000dd380000,0x00000000dde00000)
  to   space 15360K, 0% used [0x00000000e3d80000,0x00000000e3d80000,0x00000000e4c80000)
 ParOldGen       total 165376K, used 17620K [0x0000000080000000, 0x000000008a180000, 0x00000000d5580000)
  object space 165376K, 10% used [0x0000000080000000,0x00000000811353e0,0x000000008a180000)
 Metaspace       used 34500K, capacity 35410K, committed 35496K, reserved 1079296K
  class space    used 4724K, capacity 4972K, committed 5040K, reserved 1048576K
}
Event: 5,386 GC heap before
{Heap before GC invocations=8 (full 2):
 PSYoungGen      total 139776K, used 129024K [0x00000000d5580000, 0x00000000e4c80000, 0x0000000100000000)
  eden space 129024K, 100% used [0x00000000d5580000,0x00000000dd380000,0x00000000dd380000)
  from space 10752K, 0% used [0x00000000dd380000,0x00000000dd380000,0x00000000dde00000)
  to   space 15360K, 0% used [0x00000000e3d80000,0x00000000e3d80000,0x00000000e4c80000)
 ParOldGen       total 165376K, used 17620K [0x0000000080000000, 0x000000008a180000, 0x00000000d5580000)
  object space 165376K, 10% used [0x0000000080000000,0x00000000811353e0,0x000000008a180000)
 Metaspace       used 45211K, capacity 46742K, committed 47016K, reserved 1089536K
  class space    used 6112K, capacity 6489K, committed 6576K, reserved 1048576K
Event: 5,396 GC heap after
Heap after GC invocations=8 (full 2):
 PSYoungGen      total 195072K, used 15056K [0x00000000d5580000, 0x00000000e4c80000, 0x0000000100000000)
  eden space 179712K, 0% used [0x00000000d5580000,0x00000000d5580000,0x00000000e0500000)
  from space 15360K, 98% used [0x00000000e3d80000,0x00000000e4c34370,0x00000000e4c80000)
  to   space 17408K, 0% used [0x00000000e2a80000,0x00000000e2a80000,0x00000000e3b80000)
 ParOldGen       total 165376K, used 17628K [0x0000000080000000, 0x000000008a180000, 0x00000000d5580000)
  object space 165376K, 10% used [0x0000000080000000,0x00000000811373e0,0x000000008a180000)
 Metaspace       used 45211K, capacity 46742K, committed 47016K, reserved 1089536K
  class space    used 6112K, capacity 6489K, committed 6576K, reserved 1048576K
}

