# JRE version: OpenJDK Runtime Environment (8.0_242) (build 1.8.0_242-release-1644-b3-6222593)
# Java VM: OpenJDK 64-Bit Server VM (25.242-b3-6222593 mixed mode linux-amd64 compressed oops)
Heap:
 PSYoungGen      total 316928K, used 291840K [0x00000000d5580000, 0x00000000f3c00000, 0x0000000100000000)
  eden space 291840K, 100% used [0x00000000d5580000,0x00000000e7280000,0x00000000e7280000)
  from space 25088K, 0% used [0x00000000e7280000,0x00000000e7280000,0x00000000e8b00000)
  to   space 26112K, 68% used [0x00000000f2280000,0x00000000f3403c38,0x00000000f3c00000)
 ParOldGen       total 241664K, used 31169K [0x0000000080000000, 0x000000008ec00000, 0x00000000d5580000)
  object space 241664K, 12% used [0x0000000080000000,0x0000000081e70470,0x000000008ec00000)
 Metaspace       used 67560K, capacity 71118K, committed 71320K, reserved 1110016K
  class space    used 9361K, capacity 10079K, committed 10160K, reserved 1048576K
GC Heap History (10 events):
Event: 3,140 GC heap after
Heap after GC invocations=6 (full 1):
 PSYoungGen      total 268800K, used 10252K [0x00000000d5580000, 0x00000000e9a00000, 0x0000000100000000)
  eden space 258048K, 0% used [0x00000000d5580000,0x00000000d5580000,0x00000000e5180000)
  from space 10752K, 95% used [0x00000000e5180000,0x00000000e5b83008,0x00000000e5c00000)
  to   space 15360K, 0% used [0x00000000e8b00000,0x00000000e8b00000,0x00000000e9a00000)
 ParOldGen       total 110080K, used 14136K [0x0000000080000000, 0x0000000086b80000, 0x00000000d5580000)
  object space 110080K, 12% used [0x0000000080000000,0x0000000080dce050,0x0000000086b80000)
 Metaspace       used 34469K, capacity 35406K, committed 35496K, reserved 1079296K
  class space    used 4724K, capacity 4972K, committed 5040K, reserved 1048576K
}
Event: 3,140 GC heap before
{Heap before GC invocations=7 (full 2):
 PSYoungGen      total 268800K, used 10252K [0x00000000d5580000, 0x00000000e9a00000, 0x0000000100000000)
  eden space 258048K, 0% used [0x00000000d5580000,0x00000000d5580000,0x00000000e5180000)
  from space 10752K, 95% used [0x00000000e5180000,0x00000000e5b83008,0x00000000e5c00000)
  to   space 15360K, 0% used [0x00000000e8b00000,0x00000000e8b00000,0x00000000e9a00000)
 ParOldGen       total 110080K, used 14136K [0x0000000080000000, 0x0000000086b80000, 0x00000000d5580000)
  object space 110080K, 12% used [0x0000000080000000,0x0000000080dce050,0x0000000086b80000)
 Metaspace       used 34469K, capacity 35406K, committed 35496K, reserved 1079296K
  class space    used 4724K, capacity 4972K, committed 5040K, reserved 1048576K
Event: 3,169 GC heap after
Heap after GC invocations=7 (full 2):
 PSYoungGen      total 268800K, used 0K [0x00000000d5580000, 0x00000000e9a00000, 0x0000000100000000)
  eden space 258048K, 0% used [0x00000000d5580000,0x00000000d5580000,0x00000000e5180000)
  from space 10752K, 0% used [0x00000000e5180000,0x00000000e5180000,0x00000000e5c00000)
  to   space 15360K, 0% used [0x00000000e8b00000,0x00000000e8b00000,0x00000000e9a00000)
 ParOldGen       total 170496K, used 17745K [0x0000000080000000, 0x000000008a680000, 0x00000000d5580000)
  object space 170496K, 10% used [0x0000000080000000,0x0000000081154668,0x000000008a680000)
 Metaspace       used 34469K, capacity 35406K, committed 35496K, reserved 1079296K
  class space    used 4724K, capacity 4972K, committed 5040K, reserved 1048576K
}
Event: 4,935 GC heap before
{Heap before GC invocations=8 (full 2):
 PSYoungGen      total 268800K, used 258048K [0x00000000d5580000, 0x00000000e9a00000, 0x0000000100000000)
  eden space 258048K, 100% used [0x00000000d5580000,0x00000000e5180000,0x00000000e5180000)
  from space 10752K, 0% used [0x00000000e5180000,0x00000000e5180000,0x00000000e5c00000)
  to   space 15360K, 0% used [0x00000000e8b00000,0x00000000e8b00000,0x00000000e9a00000)
 ParOldGen       total 170496K, used 17745K [0x0000000080000000, 0x000000008a680000, 0x00000000d5580000)
  object space 170496K, 10% used [0x0000000080000000,0x0000000081154668,0x000000008a680000)
 Metaspace       used 55086K, capacity 57054K, committed 57128K, reserved 1097728K
  class space    used 7473K, capacity 7914K, committed 7984K, reserved 1048576K
Event: 4,951 GC heap after
Heap after GC invocations=8 (full 2):
 PSYoungGen      total 307200K, used 15355K [0x00000000d5580000, 0x00000000ef200000, 0x0000000100000000)
  eden space 291840K, 0% used [0x00000000d5580000,0x00000000d5580000,0x00000000e7280000)
  from space 15360K, 99% used [0x00000000e8b00000,0x00000000e99feea8,0x00000000e9a00000)
  to   space 25088K, 0% used [0x00000000e7280000,0x00000000e7280000,0x00000000e8b00000)
 ParOldGen       total 170496K, used 31870K [0x0000000080000000, 0x000000008a680000, 0x00000000d5580000)
  object space 170496K, 18% used [0x0000000080000000,0x0000000081f1fbe8,0x000000008a680000)
 Metaspace       used 55086K, capacity 57054K, committed 57128K, reserved 1097728K
  class space    used 7473K, capacity 7914K, committed 7984K, reserved 1048576K
}
Event: 5,224 GC heap before
{Heap before GC invocations=9 (full 2):
 PSYoungGen      total 307200K, used 59156K [0x00000000d5580000, 0x00000000ef200000, 0x0000000100000000)
  eden space 291840K, 15% used [0x00000000d5580000,0x00000000d8046518,0x00000000e7280000)
  from space 15360K, 99% used [0x00000000e8b00000,0x00000000e99feea8,0x00000000e9a00000)
  to   space 25088K, 0% used [0x00000000e7280000,0x00000000e7280000,0x00000000e8b00000)
 ParOldGen       total 170496K, used 31870K [0x0000000080000000, 0x000000008a680000, 0x00000000d5580000)
  object space 170496K, 18% used [0x0000000080000000,0x0000000081f1fbe8,0x000000008a680000)
 Metaspace       used 57100K, capacity 59068K, committed 59160K, reserved 1099776K
  class space    used 7735K, capacity 8181K, committed 8240K, reserved 1048576K
Event: 5,234 GC heap after
Heap after GC invocations=9 (full 2):
 PSYoungGen      total 316928K, used 18073K [0x00000000d5580000, 0x00000000f3c00000, 0x0000000100000000)
  eden space 291840K, 0% used [0x00000000d5580000,0x00000000d5580000,0x00000000e7280000)
  from space 25088K, 72% used [0x00000000e7280000,0x00000000e84267e0,0x00000000e8b00000)
  to   space 26112K, 0% used [0x00000000f2280000,0x00000000f2280000,0x00000000f3c00000)
 ParOldGen       total 170496K, used 31878K [0x0000000080000000, 0x000000008a680000, 0x00000000d5580000)
  object space 170496K, 18% used [0x0000000080000000,0x0000000081f21be8,0x000000008a680000)
 Metaspace       used 57100K, capacity 59068K, committed 59160K, reserved 1099776K
  class space    used 7735K, capacity 8181K, committed 8240K, reserved 1048576K
}
Event: 5,234 GC heap before
{Heap before GC invocations=10 (full 3):
 PSYoungGen      total 316928K, used 18073K [0x00000000d5580000, 0x00000000f3c00000, 0x0000000100000000)
  eden space 291840K, 0% used [0x00000000d5580000,0x00000000d5580000,0x00000000e7280000)
  from space 25088K, 72% used [0x00000000e7280000,0x00000000e84267e0,0x00000000e8b00000)
  to   space 26112K, 0% used [0x00000000f2280000,0x00000000f2280000,0x00000000f3c00000)
 ParOldGen       total 170496K, used 31878K [0x0000000080000000, 0x000000008a680000, 0x00000000d5580000)
  object space 170496K, 18% used [0x0000000080000000,0x0000000081f21be8,0x000000008a680000)
 Metaspace       used 57100K, capacity 59068K, committed 59160K, reserved 1099776K
  class space    used 7735K, capacity 8181K, committed 8240K, reserved 1048576K
Event: 5,315 GC heap after
Heap after GC invocations=10 (full 3):
 PSYoungGen      total 316928K, used 0K [0x00000000d5580000, 0x00000000f3c00000, 0x0000000100000000)
  eden space 291840K, 0% used [0x00000000d5580000,0x00000000d5580000,0x00000000e7280000)
  from space 25088K, 0% used [0x00000000e7280000,0x00000000e7280000,0x00000000e8b00000)
  to   space 26112K, 0% used [0x00000000f2280000,0x00000000f2280000,0x00000000f3c00000)
 ParOldGen       total 241664K, used 31161K [0x0000000080000000, 0x000000008ec00000, 0x00000000d5580000)
  object space 241664K, 12% used [0x0000000080000000,0x0000000081e6e470,0x000000008ec00000)
 Metaspace       used 57053K, capacity 58900K, committed 59160K, reserved 1099776K
  class space    used 7720K, capacity 8153K, committed 8240K, reserved 1048576K
}
Event: 6,800 GC heap before
{Heap before GC invocations=11 (full 3):
 PSYoungGen      total 316928K, used 291840K [0x00000000d5580000, 0x00000000f3c00000, 0x0000000100000000)
  eden space 291840K, 100% used [0x00000000d5580000,0x00000000e7280000,0x00000000e7280000)
  from space 25088K, 0% used [0x00000000e7280000,0x00000000e7280000,0x00000000e8b00000)
  to   space 26112K, 0% used [0x00000000f2280000,0x00000000f2280000,0x00000000f3c00000)
 ParOldGen       total 241664K, used 31161K [0x0000000080000000, 0x000000008ec00000, 0x00000000d5580000)
  object space 241664K, 12% used [0x0000000080000000,0x0000000081e6e470,0x000000008ec00000)
 Metaspace       used 67560K, capacity 71118K, committed 71320K, reserved 1110016K
  class space    used 9361K, capacity 10079K, committed 10160K, reserved 1048576K

