# JRE version: OpenJDK Runtime Environment (8.0_242) (build 1.8.0_242-release-1644-b3-6222593)
# Java VM: OpenJDK 64-Bit Server VM (25.242-b3-6222593 mixed mode linux-amd64 compressed oops)
Heap:
 PSYoungGen      total 139776K, used 5077K [0x000000076c900000, 0x0000000778c00000, 0x00000007c0000000)
  eden space 129024K, 3% used [0x000000076c900000,0x000000076cdf5440,0x0000000774700000)
  from space 10752K, 0% used [0x0000000774700000,0x0000000774700000,0x0000000775180000)
  to   space 10752K, 0% used [0x0000000778180000,0x0000000778180000,0x0000000778c00000)
 ParOldGen       total 214528K, used 28032K [0x00000006c5a00000, 0x00000006d2b80000, 0x000000076c900000)
  object space 214528K, 13% used [0x00000006c5a00000,0x00000006c7560240,0x00000006d2b80000)
 Metaspace       used 34780K, capacity 35253K, committed 35672K, reserved 1081344K
  class space    used 4440K, capacity 4576K, committed 4608K, reserved 1048576K
GC Heap History (10 events):
Event: 0,627 GC heap before
{Heap before GC invocations=1 (full 0):
 PSYoungGen      total 75264K, used 64512K [0x000000076c900000, 0x0000000771d00000, 0x00000007c0000000)
  eden space 64512K, 100% used [0x000000076c900000,0x0000000770800000,0x0000000770800000)
  from space 10752K, 0% used [0x0000000771280000,0x0000000771280000,0x0000000771d00000)
  to   space 10752K, 0% used [0x0000000770800000,0x0000000770800000,0x0000000771280000)
 ParOldGen       total 172032K, used 0K [0x00000006c5a00000, 0x00000006d0200000, 0x000000076c900000)
  object space 172032K, 0% used [0x00000006c5a00000,0x00000006c5a00000,0x00000006d0200000)
 Metaspace       used 15908K, capacity 16280K, committed 16640K, reserved 1064960K
  class space    used 1819K, capacity 1940K, committed 2048K, reserved 1048576K
Event: 0,636 GC heap after
Heap after GC invocations=1 (full 0):
 PSYoungGen      total 75264K, used 10751K [0x000000076c900000, 0x0000000775c00000, 0x00000007c0000000)
  eden space 64512K, 0% used [0x000000076c900000,0x000000076c900000,0x0000000770800000)
  from space 10752K, 99% used [0x0000000770800000,0x000000077127ffa8,0x0000000771280000)
  to   space 10752K, 0% used [0x0000000775180000,0x0000000775180000,0x0000000775c00000)
 ParOldGen       total 172032K, used 4542K [0x00000006c5a00000, 0x00000006d0200000, 0x000000076c900000)
  object space 172032K, 2% used [0x00000006c5a00000,0x00000006c5e6fb70,0x00000006d0200000)
 Metaspace       used 15908K, capacity 16280K, committed 16640K, reserved 1064960K
  class space    used 1819K, capacity 1940K, committed 2048K, reserved 1048576K
}
Event: 0,787 GC heap before
{Heap before GC invocations=2 (full 0):
 PSYoungGen      total 75264K, used 30736K [0x000000076c900000, 0x0000000775c00000, 0x00000007c0000000)
  eden space 64512K, 30% used [0x000000076c900000,0x000000076dc84278,0x0000000770800000)
  from space 10752K, 99% used [0x0000000770800000,0x000000077127ffa8,0x0000000771280000)
  to   space 10752K, 0% used [0x0000000775180000,0x0000000775180000,0x0000000775c00000)
 ParOldGen       total 172032K, used 4542K [0x00000006c5a00000, 0x00000006d0200000, 0x000000076c900000)
  object space 172032K, 2% used [0x00000006c5a00000,0x00000006c5e6fb70,0x00000006d0200000)
 Metaspace       used 20719K, capacity 21098K, committed 21248K, reserved 1069056K
  class space    used 2406K, capacity 2521K, committed 2560K, reserved 1048576K
Event: 0,791 GC heap after
Heap after GC invocations=2 (full 0):
 PSYoungGen      total 139776K, used 9627K [0x000000076c900000, 0x0000000775c00000, 0x00000007c0000000)
  eden space 129024K, 0% used [0x000000076c900000,0x000000076c900000,0x0000000774700000)
  from space 10752K, 89% used [0x0000000775180000,0x0000000775ae6ef0,0x0000000775c00000)
  to   space 10752K, 0% used [0x0000000774700000,0x0000000774700000,0x0000000775180000)
 ParOldGen       total 172032K, used 4614K [0x00000006c5a00000, 0x00000006d0200000, 0x000000076c900000)
  object space 172032K, 2% used [0x00000006c5a00000,0x00000006c5e81b80,0x00000006d0200000)
 Metaspace       used 20719K, capacity 21098K, committed 21248K, reserved 1069056K
  class space    used 2406K, capacity 2521K, committed 2560K, reserved 1048576K
}
Event: 0,791 GC heap before
{Heap before GC invocations=3 (full 1):
 PSYoungGen      total 139776K, used 9627K [0x000000076c900000, 0x0000000775c00000, 0x00000007c0000000)
  eden space 129024K, 0% used [0x000000076c900000,0x000000076c900000,0x0000000774700000)
  from space 10752K, 89% used [0x0000000775180000,0x0000000775ae6ef0,0x0000000775c00000)
  to   space 10752K, 0% used [0x0000000774700000,0x0000000774700000,0x0000000775180000)
 ParOldGen       total 172032K, used 4614K [0x00000006c5a00000, 0x00000006d0200000, 0x000000076c900000)
  object space 172032K, 2% used [0x00000006c5a00000,0x00000006c5e81b80,0x00000006d0200000)
 Metaspace       used 20719K, capacity 21098K, committed 21248K, reserved 1069056K
  class space    used 2406K, capacity 2521K, committed 2560K, reserved 1048576K
Event: 0,816 GC heap after
Heap after GC invocations=3 (full 1):
 PSYoungGen      total 139776K, used 0K [0x000000076c900000, 0x0000000775c00000, 0x00000007c0000000)
  eden space 129024K, 0% used [0x000000076c900000,0x000000076c900000,0x0000000774700000)
  from space 10752K, 0% used [0x0000000775180000,0x0000000775180000,0x0000000775c00000)
  to   space 10752K, 0% used [0x0000000774700000,0x0000000774700000,0x0000000775180000)
 ParOldGen       total 118272K, used 9248K [0x00000006c5a00000, 0x00000006ccd80000, 0x000000076c900000)
  object space 118272K, 7% used [0x00000006c5a00000,0x00000006c63083d0,0x00000006ccd80000)
 Metaspace       used 20719K, capacity 21098K, committed 21248K, reserved 1069056K
  class space    used 2406K, capacity 2521K, committed 2560K, reserved 1048576K
}
Event: 1,471 GC heap before
{Heap before GC invocations=4 (full 1):
 PSYoungGen      total 139776K, used 99273K [0x000000076c900000, 0x0000000775c00000, 0x00000007c0000000)
  eden space 129024K, 76% used [0x000000076c900000,0x00000007729f2640,0x0000000774700000)
  from space 10752K, 0% used [0x0000000775180000,0x0000000775180000,0x0000000775c00000)
  to   space 10752K, 0% used [0x0000000774700000,0x0000000774700000,0x0000000775180000)
 ParOldGen       total 118272K, used 9248K [0x00000006c5a00000, 0x00000006ccd80000, 0x000000076c900000)
  object space 118272K, 7% used [0x00000006c5a00000,0x00000006c63083d0,0x00000006ccd80000)
 Metaspace       used 34745K, capacity 35185K, committed 35416K, reserved 1081344K
  class space    used 4431K, capacity 4574K, committed 4608K, reserved 1048576K
Event: 1,480 GC heap after
Heap after GC invocations=4 (full 1):
 PSYoungGen      total 139776K, used 10730K [0x000000076c900000, 0x0000000778c00000, 0x00000007c0000000)
  eden space 129024K, 0% used [0x000000076c900000,0x000000076c900000,0x0000000774700000)
  from space 10752K, 99% used [0x0000000774700000,0x000000077517ab70,0x0000000775180000)
  to   space 10752K, 0% used [0x0000000778180000,0x0000000778180000,0x0000000778c00000)
 ParOldGen       total 118272K, used 21528K [0x00000006c5a00000, 0x00000006ccd80000, 0x000000076c900000)
  object space 118272K, 18% used [0x00000006c5a00000,0x00000006c6f060c8,0x00000006ccd80000)
 Metaspace       used 34745K, capacity 35185K, committed 35416K, reserved 1081344K
  class space    used 4431K, capacity 4574K, committed 4608K, reserved 1048576K
}
Event: 1,480 GC heap before
{Heap before GC invocations=5 (full 2):
 PSYoungGen      total 139776K, used 10730K [0x000000076c900000, 0x0000000778c00000, 0x00000007c0000000)
  eden space 129024K, 0% used [0x000000076c900000,0x000000076c900000,0x0000000774700000)
  from space 10752K, 99% used [0x0000000774700000,0x000000077517ab70,0x0000000775180000)
  to   space 10752K, 0% used [0x0000000778180000,0x0000000778180000,0x0000000778c00000)
 ParOldGen       total 118272K, used 21528K [0x00000006c5a00000, 0x00000006ccd80000, 0x000000076c900000)
  object space 118272K, 18% used [0x00000006c5a00000,0x00000006c6f060c8,0x00000006ccd80000)
 Metaspace       used 34745K, capacity 35185K, committed 35416K, reserved 1081344K
  class space    used 4431K, capacity 4574K, committed 4608K, reserved 1048576K
Event: 1,511 GC heap after
Heap after GC invocations=5 (full 2):
 PSYoungGen      total 139776K, used 0K [0x000000076c900000, 0x0000000778c00000, 0x00000007c0000000)
  eden space 129024K, 0% used [0x000000076c900000,0x000000076c900000,0x0000000774700000)
  from space 10752K, 0% used [0x0000000774700000,0x0000000774700000,0x0000000775180000)
  to   space 10752K, 0% used [0x0000000778180000,0x0000000778180000,0x0000000778c00000)
 ParOldGen       total 214528K, used 28032K [0x00000006c5a00000, 0x00000006d2b80000, 0x000000076c900000)
  object space 214528K, 13% used [0x00000006c5a00000,0x00000006c7560240,0x00000006d2b80000)
 Metaspace       used 34745K, capacity 35185K, committed 35416K, reserved 1081344K
  class space    used 4431K, capacity 4574K, committed 4608K, reserved 1048576K
}

