# JRE version: OpenJDK Runtime Environment (8.0_242) (build 1.8.0_242-release-1644-b3-6222593)
# Java VM: OpenJDK 64-Bit Server VM (25.242-b3-6222593 mixed mode linux-amd64 compressed oops)
Heap:
 PSYoungGen      total 508928K, used 149286K [0x00000000d5580000, 0x00000000f7780000, 0x0000000100000000)
  eden space 477184K, 24% used [0x00000000d5580000,0x00000000dc8506f8,0x00000000f2780000)
  from space 31744K, 99% used [0x00000000f5500000,0x00000000f73f9290,0x00000000f7400000)
  to   space 40960K, 0% used [0x00000000f2780000,0x00000000f2780000,0x00000000f4f80000)
 ParOldGen       total 161280K, used 54968K [0x0000000080000000, 0x0000000089d80000, 0x00000000d5580000)
  object space 161280K, 34% used [0x0000000080000000,0x00000000835ae160,0x0000000089d80000)
 Metaspace       used 90367K, capacity 95468K, committed 95768K, reserved 1132544K
  class space    used 11867K, capacity 12801K, committed 12848K, reserved 1048576K
GC Heap History (10 events):
Event: 3,618 GC heap before
{Heap before GC invocations=9 (full 2):
 PSYoungGen      total 241152K, used 230400K [0x00000000d5580000, 0x00000000e5480000, 0x0000000100000000)
  eden space 230400K, 100% used [0x00000000d5580000,0x00000000e3680000,0x00000000e3680000)
  from space 10752K, 0% used [0x00000000e4a00000,0x00000000e4a00000,0x00000000e5480000)
  to   space 15360K, 0% used [0x00000000e3680000,0x00000000e3680000,0x00000000e4580000)
 ParOldGen       total 113152K, used 14551K [0x0000000080000000, 0x0000000086e80000, 0x00000000d5580000)
  object space 113152K, 12% used [0x0000000080000000,0x0000000080e35f80,0x0000000086e80000)
 Metaspace       used 49098K, capacity 50906K, committed 50992K, reserved 1093632K
  class space    used 6533K, capacity 6914K, committed 6960K, reserved 1048576K
Event: 3,642 GC heap after
Heap after GC invocations=9 (full 2):
 PSYoungGen      total 245760K, used 15334K [0x00000000d5580000, 0x00000000ef580000, 0x0000000100000000)
  eden space 230400K, 0% used [0x00000000d5580000,0x00000000d5580000,0x00000000e3680000)
  from space 15360K, 99% used [0x00000000e3680000,0x00000000e45799e8,0x00000000e4580000)
  to   space 20992K, 0% used [0x00000000ee100000,0x00000000ee100000,0x00000000ef580000)
 ParOldGen       total 113152K, used 21363K [0x0000000080000000, 0x0000000086e80000, 0x00000000d5580000)
  object space 113152K, 18% used [0x0000000080000000,0x00000000814dcc48,0x0000000086e80000)
 Metaspace       used 49098K, capacity 50906K, committed 50992K, reserved 1093632K
  class space    used 6533K, capacity 6914K, committed 6960K, reserved 1048576K
}
Event: 4,117 GC heap before
{Heap before GC invocations=10 (full 2):
 PSYoungGen      total 245760K, used 115584K [0x00000000d5580000, 0x00000000ef580000, 0x0000000100000000)
  eden space 230400K, 43% used [0x00000000d5580000,0x00000000db766818,0x00000000e3680000)
  from space 15360K, 99% used [0x00000000e3680000,0x00000000e45799e8,0x00000000e4580000)
  to   space 20992K, 0% used [0x00000000ee100000,0x00000000ee100000,0x00000000ef580000)
 ParOldGen       total 113152K, used 21363K [0x0000000080000000, 0x0000000086e80000, 0x00000000d5580000)
  object space 113152K, 18% used [0x0000000080000000,0x00000000814dcc48,0x0000000086e80000)
 Metaspace       used 56988K, capacity 59088K, committed 59160K, reserved 1099776K
  class space    used 7522K, capacity 7962K, committed 7984K, reserved 1048576K
Event: 4,129 GC heap after
Heap after GC invocations=10 (full 2):
 PSYoungGen      total 395776K, used 20965K [0x00000000d5580000, 0x00000000ef580000, 0x0000000100000000)
  eden space 374784K, 0% used [0x00000000d5580000,0x00000000d5580000,0x00000000ec380000)
  from space 20992K, 99% used [0x00000000ee100000,0x00000000ef579770,0x00000000ef580000)
  to   space 25088K, 0% used [0x00000000ec480000,0x00000000ec480000,0x00000000edd00000)
 ParOldGen       total 113152K, used 23600K [0x0000000080000000, 0x0000000086e80000, 0x00000000d5580000)
  object space 113152K, 20% used [0x0000000080000000,0x000000008170c3a0,0x0000000086e80000)
 Metaspace       used 56988K, capacity 59088K, committed 59160K, reserved 1099776K
  class space    used 7522K, capacity 7962K, committed 7984K, reserved 1048576K
}
Event: 4,129 GC heap before
{Heap before GC invocations=11 (full 3):
 PSYoungGen      total 395776K, used 20965K [0x00000000d5580000, 0x00000000ef580000, 0x0000000100000000)
  eden space 374784K, 0% used [0x00000000d5580000,0x00000000d5580000,0x00000000ec380000)
  from space 20992K, 99% used [0x00000000ee100000,0x00000000ef579770,0x00000000ef580000)
  to   space 25088K, 0% used [0x00000000ec480000,0x00000000ec480000,0x00000000edd00000)
 ParOldGen       total 113152K, used 23600K [0x0000000080000000, 0x0000000086e80000, 0x00000000d5580000)
  object space 113152K, 20% used [0x0000000080000000,0x000000008170c3a0,0x0000000086e80000)
 Metaspace       used 56988K, capacity 59088K, committed 59160K, reserved 1099776K
  class space    used 7522K, capacity 7962K, committed 7984K, reserved 1048576K
Event: 4,228 GC heap after
Heap after GC invocations=11 (full 3):
 PSYoungGen      total 395776K, used 0K [0x00000000d5580000, 0x00000000ef580000, 0x0000000100000000)
  eden space 374784K, 0% used [0x00000000d5580000,0x00000000d5580000,0x00000000ec380000)
  from space 20992K, 0% used [0x00000000ee100000,0x00000000ee100000,0x00000000ef580000)
  to   space 25088K, 0% used [0x00000000ec480000,0x00000000ec480000,0x00000000edd00000)
 ParOldGen       total 161280K, used 35460K [0x0000000080000000, 0x0000000089d80000, 0x00000000d5580000)
  object space 161280K, 21% used [0x0000000080000000,0x00000000822a1350,0x0000000089d80000)
 Metaspace       used 56938K, capacity 58946K, committed 59160K, reserved 1099776K
  class space    used 7510K, capacity 7945K, committed 7984K, reserved 1048576K
}
Event: 5,833 GC heap before
{Heap before GC invocations=12 (full 3):
 PSYoungGen      total 395776K, used 374784K [0x00000000d5580000, 0x00000000ef580000, 0x0000000100000000)
  eden space 374784K, 100% used [0x00000000d5580000,0x00000000ec380000,0x00000000ec380000)
  from space 20992K, 0% used [0x00000000ee100000,0x00000000ee100000,0x00000000ef580000)
  to   space 25088K, 0% used [0x00000000ec480000,0x00000000ec480000,0x00000000edd00000)
 ParOldGen       total 161280K, used 35460K [0x0000000080000000, 0x0000000089d80000, 0x00000000d5580000)
  object space 161280K, 21% used [0x0000000080000000,0x00000000822a1350,0x0000000089d80000)
 Metaspace       used 76464K, capacity 80096K, committed 80280K, reserved 1118208K
  class space    used 10410K, capacity 11103K, committed 11184K, reserved 1048576K
Event: 5,849 GC heap after
Heap after GC invocations=12 (full 3):
 PSYoungGen      total 400896K, used 25070K [0x00000000d5580000, 0x00000000f7400000, 0x0000000100000000)
  eden space 375808K, 0% used [0x00000000d5580000,0x00000000d5580000,0x00000000ec480000)
  from space 25088K, 99% used [0x00000000ec480000,0x00000000edcfbb68,0x00000000edd00000)
  to   space 31744K, 0% used [0x00000000f5500000,0x00000000f5500000,0x00000000f7400000)
 ParOldGen       total 161280K, used 42883K [0x0000000080000000, 0x0000000089d80000, 0x00000000d5580000)
  object space 161280K, 26% used [0x0000000080000000,0x00000000829e0fe0,0x0000000089d80000)
 Metaspace       used 76464K, capacity 80096K, committed 80280K, reserved 1118208K
  class space    used 10410K, capacity 11103K, committed 11184K, reserved 1048576K
}
Event: 318,897 GC heap before
{Heap before GC invocations=13 (full 3):
 PSYoungGen      total 400896K, used 400878K [0x00000000d5580000, 0x00000000f7400000, 0x0000000100000000)
  eden space 375808K, 100% used [0x00000000d5580000,0x00000000ec480000,0x00000000ec480000)
  from space 25088K, 99% used [0x00000000ec480000,0x00000000edcfbb68,0x00000000edd00000)
  to   space 31744K, 0% used [0x00000000f5500000,0x00000000f5500000,0x00000000f7400000)
 ParOldGen       total 161280K, used 42883K [0x0000000080000000, 0x0000000089d80000, 0x00000000d5580000)
  object space 161280K, 26% used [0x0000000080000000,0x00000000829e0fe0,0x0000000089d80000)
 Metaspace       used 89592K, capacity 94550K, committed 94616K, reserved 1130496K
  class space    used 11784K, capacity 12692K, committed 12720K, reserved 1048576K
Event: 318,916 GC heap after
Heap after GC invocations=13 (full 3):
 PSYoungGen      total 508928K, used 31716K [0x00000000d5580000, 0x00000000f7780000, 0x0000000100000000)
  eden space 477184K, 0% used [0x00000000d5580000,0x00000000d5580000,0x00000000f2780000)
  from space 31744K, 99% used [0x00000000f5500000,0x00000000f73f9290,0x00000000f7400000)
  to   space 40960K, 0% used [0x00000000f2780000,0x00000000f2780000,0x00000000f4f80000)
 ParOldGen       total 161280K, used 54968K [0x0000000080000000, 0x0000000089d80000, 0x00000000d5580000)
  object space 161280K, 34% used [0x0000000080000000,0x00000000835ae160,0x0000000089d80000)
 Metaspace       used 89592K, capacity 94550K, committed 94616K, reserved 1130496K
  class space    used 11784K, capacity 12692K, committed 12720K, reserved 1048576K
}

