# JRE version: OpenJDK Runtime Environment (8.0_242) (build 1.8.0_242-release-1644-b3-6222593)
# Java VM: OpenJDK 64-Bit Server VM (25.242-b3-6222593 mixed mode linux-amd64 compressed oops)
Heap:
 PSYoungGen      total 180224K, used 121124K [0x000000076c900000, 0x0000000778e00000, 0x00000007c0000000)
  eden space 169472K, 65% used [0x000000076c900000,0x00000007734cc338,0x0000000776e80000)
  from space 10752K, 99% used [0x0000000778380000,0x0000000778dfce50,0x0000000778e00000)
  to   space 10752K, 99% used [0x0000000777900000,0x000000077837ed50,0x0000000778380000)
 ParOldGen       total 210944K, used 62666K [0x00000006c5a00000, 0x00000006d2800000, 0x000000076c900000)
  object space 210944K, 29% used [0x00000006c5a00000,0x00000006c9732aa8,0x00000006d2800000)
 Metaspace       used 57773K, capacity 58742K, committed 59028K, reserved 1101824K
  class space    used 7100K, capacity 7352K, committed 7424K, reserved 1048576K
GC Heap History (10 events):
Event: 0,704 GC heap after
Heap after GC invocations=2 (full 0):
 PSYoungGen      total 139776K, used 9586K [0x000000076c900000, 0x0000000775c00000, 0x00000007c0000000)
  eden space 129024K, 0% used [0x000000076c900000,0x000000076c900000,0x0000000774700000)
  from space 10752K, 89% used [0x0000000775180000,0x0000000775adc9a0,0x0000000775c00000)
  to   space 10752K, 0% used [0x0000000774700000,0x0000000774700000,0x0000000775180000)
 ParOldGen       total 172032K, used 4655K [0x00000006c5a00000, 0x00000006d0200000, 0x000000076c900000)
  object space 172032K, 2% used [0x00000006c5a00000,0x00000006c5e8bea8,0x00000006d0200000)
 Metaspace       used 20740K, capacity 21098K, committed 21248K, reserved 1069056K
  class space    used 2407K, capacity 2521K, committed 2560K, reserved 1048576K
}
Event: 0,704 GC heap before
{Heap before GC invocations=3 (full 1):
 PSYoungGen      total 139776K, used 9586K [0x000000076c900000, 0x0000000775c00000, 0x00000007c0000000)
  eden space 129024K, 0% used [0x000000076c900000,0x000000076c900000,0x0000000774700000)
  from space 10752K, 89% used [0x0000000775180000,0x0000000775adc9a0,0x0000000775c00000)
  to   space 10752K, 0% used [0x0000000774700000,0x0000000774700000,0x0000000775180000)
 ParOldGen       total 172032K, used 4655K [0x00000006c5a00000, 0x00000006d0200000, 0x000000076c900000)
  object space 172032K, 2% used [0x00000006c5a00000,0x00000006c5e8bea8,0x00000006d0200000)
 Metaspace       used 20740K, capacity 21098K, committed 21248K, reserved 1069056K
  class space    used 2407K, capacity 2521K, committed 2560K, reserved 1048576K
Event: 0,727 GC heap after
Heap after GC invocations=3 (full 1):
 PSYoungGen      total 139776K, used 0K [0x000000076c900000, 0x0000000775c00000, 0x00000007c0000000)
  eden space 129024K, 0% used [0x000000076c900000,0x000000076c900000,0x0000000774700000)
  from space 10752K, 0% used [0x0000000775180000,0x0000000775180000,0x0000000775c00000)
  to   space 10752K, 0% used [0x0000000774700000,0x0000000774700000,0x0000000775180000)
 ParOldGen       total 116736K, used 9180K [0x00000006c5a00000, 0x00000006ccc00000, 0x000000076c900000)
  object space 116736K, 7% used [0x00000006c5a00000,0x00000006c62f70e8,0x00000006ccc00000)
 Metaspace       used 20740K, capacity 21098K, committed 21248K, reserved 1069056K
  class space    used 2407K, capacity 2521K, committed 2560K, reserved 1048576K
}
Event: 1,307 GC heap before
{Heap before GC invocations=4 (full 1):
 PSYoungGen      total 139776K, used 96573K [0x000000076c900000, 0x0000000775c00000, 0x00000007c0000000)
  eden space 129024K, 74% used [0x000000076c900000,0x000000077274f790,0x0000000774700000)
  from space 10752K, 0% used [0x0000000775180000,0x0000000775180000,0x0000000775c00000)
  to   space 10752K, 0% used [0x0000000774700000,0x0000000774700000,0x0000000775180000)
 ParOldGen       total 116736K, used 9180K [0x00000006c5a00000, 0x00000006ccc00000, 0x000000076c900000)
  object space 116736K, 7% used [0x00000006c5a00000,0x00000006c62f70e8,0x00000006ccc00000)
 Metaspace       used 34754K, capacity 35181K, committed 35416K, reserved 1081344K
  class space    used 4433K, capacity 4574K, committed 4608K, reserved 1048576K
Event: 1,315 GC heap after
Heap after GC invocations=4 (full 1):
 PSYoungGen      total 139776K, used 10739K [0x000000076c900000, 0x0000000778e00000, 0x00000007c0000000)
  eden space 129024K, 0% used [0x000000076c900000,0x000000076c900000,0x0000000774700000)
  from space 10752K, 99% used [0x0000000774700000,0x000000077517ccb0,0x0000000775180000)
  to   space 10752K, 0% used [0x0000000778380000,0x0000000778380000,0x0000000778e00000)
 ParOldGen       total 116736K, used 21098K [0x00000006c5a00000, 0x00000006ccc00000, 0x000000076c900000)
  object space 116736K, 18% used [0x00000006c5a00000,0x00000006c6e9a8d0,0x00000006ccc00000)
 Metaspace       used 34754K, capacity 35181K, committed 35416K, reserved 1081344K
  class space    used 4433K, capacity 4574K, committed 4608K, reserved 1048576K
}
Event: 1,315 GC heap before
{Heap before GC invocations=5 (full 2):
 PSYoungGen      total 139776K, used 10739K [0x000000076c900000, 0x0000000778e00000, 0x00000007c0000000)
  eden space 129024K, 0% used [0x000000076c900000,0x000000076c900000,0x0000000774700000)
  from space 10752K, 99% used [0x0000000774700000,0x000000077517ccb0,0x0000000775180000)
  to   space 10752K, 0% used [0x0000000778380000,0x0000000778380000,0x0000000778e00000)
 ParOldGen       total 116736K, used 21098K [0x00000006c5a00000, 0x00000006ccc00000, 0x000000076c900000)
  object space 116736K, 18% used [0x00000006c5a00000,0x00000006c6e9a8d0,0x00000006ccc00000)
 Metaspace       used 34754K, capacity 35181K, committed 35416K, reserved 1081344K
  class space    used 4433K, capacity 4574K, committed 4608K, reserved 1048576K
Event: 1,347 GC heap after
Heap after GC invocations=5 (full 2):
 PSYoungGen      total 139776K, used 0K [0x000000076c900000, 0x0000000778e00000, 0x00000007c0000000)
  eden space 129024K, 0% used [0x000000076c900000,0x000000076c900000,0x0000000774700000)
  from space 10752K, 0% used [0x0000000774700000,0x0000000774700000,0x0000000775180000)
  to   space 10752K, 0% used [0x0000000778380000,0x0000000778380000,0x0000000778e00000)
 ParOldGen       total 210944K, used 27579K [0x00000006c5a00000, 0x00000006d2800000, 0x000000076c900000)
  object space 210944K, 13% used [0x00000006c5a00000,0x00000006c74eecf0,0x00000006d2800000)
 Metaspace       used 34754K, capacity 35181K, committed 35416K, reserved 1081344K
  class space    used 4433K, capacity 4574K, committed 4608K, reserved 1048576K
}
Event: 2,240 GC heap before
{Heap before GC invocations=6 (full 2):
 PSYoungGen      total 139776K, used 129024K [0x000000076c900000, 0x0000000778e00000, 0x00000007c0000000)
  eden space 129024K, 100% used [0x000000076c900000,0x0000000774700000,0x0000000774700000)
  from space 10752K, 0% used [0x0000000774700000,0x0000000774700000,0x0000000775180000)
  to   space 10752K, 0% used [0x0000000778380000,0x0000000778380000,0x0000000778e00000)
 ParOldGen       total 210944K, used 27579K [0x00000006c5a00000, 0x00000006d2800000, 0x000000076c900000)
  object space 210944K, 13% used [0x00000006c5a00000,0x00000006c74eecf0,0x00000006d2800000)
 Metaspace       used 43544K, capacity 44206K, committed 44416K, reserved 1087488K
  class space    used 5293K, capacity 5450K, committed 5504K, reserved 1048576K
Event: 2,251 GC heap after
Heap after GC invocations=6 (full 2):
 PSYoungGen      total 180224K, used 10739K [0x000000076c900000, 0x0000000778e00000, 0x00000007c0000000)
  eden space 169472K, 0% used [0x000000076c900000,0x000000076c900000,0x0000000776e80000)
  from space 10752K, 99% used [0x0000000778380000,0x0000000778dfce50,0x0000000778e00000)
  to   space 10752K, 0% used [0x0000000777900000,0x0000000777900000,0x0000000778380000)
 ParOldGen       total 210944K, used 41145K [0x00000006c5a00000, 0x00000006d2800000, 0x000000076c900000)
  object space 210944K, 19% used [0x00000006c5a00000,0x00000006c822e6f0,0x00000006d2800000)
 Metaspace       used 43544K, capacity 44206K, committed 44416K, reserved 1087488K
  class space    used 5293K, capacity 5450K, committed 5504K, reserved 1048576K
}
Event: 3,593 GC heap before
{Heap before GC invocations=7 (full 2):
 PSYoungGen      total 180224K, used 121124K [0x000000076c900000, 0x0000000778e00000, 0x00000007c0000000)
  eden space 169472K, 65% used [0x000000076c900000,0x00000007734cc338,0x0000000776e80000)
  from space 10752K, 99% used [0x0000000778380000,0x0000000778dfce50,0x0000000778e00000)
  to   space 10752K, 0% used [0x0000000777900000,0x0000000777900000,0x0000000778380000)
 ParOldGen       total 210944K, used 41145K [0x00000006c5a00000, 0x00000006d2800000, 0x000000076c900000)
  object space 210944K, 19% used [0x00000006c5a00000,0x00000006c822e6f0,0x00000006d2800000)
 Metaspace       used 57773K, capacity 58742K, committed 59028K, reserved 1101824K
  class space    used 7100K, capacity 7352K, committed 7424K, reserved 1048576K

