# JRE version: OpenJDK Runtime Environment (8.0_242) (build 1.8.0_242-release-1644-b3-6222593)
# Java VM: OpenJDK 64-Bit Server VM (25.242-b3-6222593 mixed mode linux-amd64 compressed oops)
Heap:
 PSYoungGen      total 268800K, used 258048K [0x00000000d5580000, 0x00000000e7a00000, 0x0000000100000000)
  eden space 258048K, 100% used [0x00000000d5580000,0x00000000e5180000,0x00000000e5180000)
  from space 10752K, 0% used [0x00000000e5180000,0x00000000e5180000,0x00000000e5c00000)
  to   space 14848K, 90% used [0x00000000e6b80000,0x00000000e789f320,0x00000000e7a00000)
 ParOldGen       total 180224K, used 17893K [0x0000000080000000, 0x000000008b000000, 0x00000000d5580000)
  object space 180224K, 9% used [0x0000000080000000,0x0000000081179598,0x000000008b000000)
 Metaspace       used 52558K, capacity 54606K, committed 54952K, reserved 1097728K
  class space    used 7024K, capacity 7497K, committed 7600K, reserved 1048576K
GC Heap History (10 events):
Event: 0,922 GC heap after
Heap after GC invocations=3 (full 0):
 PSYoungGen      total 139776K, used 10745K [0x00000000d5580000, 0x00000000e6680000, 0x0000000100000000)
  eden space 129024K, 0% used [0x00000000d5580000,0x00000000d5580000,0x00000000dd380000)
  from space 10752K, 99% used [0x00000000dd380000,0x00000000dddfe670,0x00000000dde00000)
  to   space 10752K, 0% used [0x00000000e5c00000,0x00000000e5c00000,0x00000000e6680000)
 ParOldGen       total 172032K, used 1116K [0x0000000080000000, 0x000000008a800000, 0x00000000d5580000)
  object space 172032K, 0% used [0x0000000080000000,0x0000000080117140,0x000000008a800000)
 Metaspace       used 20493K, capacity 21214K, committed 21296K, reserved 1067008K
  class space    used 2888K, capacity 3093K, committed 3120K, reserved 1048576K
}
Event: 0,922 GC heap before
{Heap before GC invocations=4 (full 1):
 PSYoungGen      total 139776K, used 10745K [0x00000000d5580000, 0x00000000e6680000, 0x0000000100000000)
  eden space 129024K, 0% used [0x00000000d5580000,0x00000000d5580000,0x00000000dd380000)
  from space 10752K, 99% used [0x00000000dd380000,0x00000000dddfe670,0x00000000dde00000)
  to   space 10752K, 0% used [0x00000000e5c00000,0x00000000e5c00000,0x00000000e6680000)
 ParOldGen       total 172032K, used 1116K [0x0000000080000000, 0x000000008a800000, 0x00000000d5580000)
  object space 172032K, 0% used [0x0000000080000000,0x0000000080117140,0x000000008a800000)
 Metaspace       used 20493K, capacity 21214K, committed 21296K, reserved 1067008K
  class space    used 2888K, capacity 3093K, committed 3120K, reserved 1048576K
Event: 0,945 GC heap after
Heap after GC invocations=4 (full 1):
 PSYoungGen      total 139776K, used 0K [0x00000000d5580000, 0x00000000e6680000, 0x0000000100000000)
  eden space 129024K, 0% used [0x00000000d5580000,0x00000000d5580000,0x00000000dd380000)
  from space 10752K, 0% used [0x00000000dd380000,0x00000000dd380000,0x00000000dde00000)
  to   space 10752K, 0% used [0x00000000e5c00000,0x00000000e5c00000,0x00000000e6680000)
 ParOldGen       total 112640K, used 11344K [0x0000000080000000, 0x0000000086e00000, 0x00000000d5580000)
  object space 112640K, 10% used [0x0000000080000000,0x0000000080b140c8,0x0000000086e00000)
 Metaspace       used 20493K, capacity 21214K, committed 21296K, reserved 1067008K
  class space    used 2888K, capacity 3093K, committed 3120K, reserved 1048576K
}
Event: 1,490 GC heap before
{Heap before GC invocations=5 (full 1):
 PSYoungGen      total 139776K, used 129024K [0x00000000d5580000, 0x00000000e6680000, 0x0000000100000000)
  eden space 129024K, 100% used [0x00000000d5580000,0x00000000dd380000,0x00000000dd380000)
  from space 10752K, 0% used [0x00000000dd380000,0x00000000dd380000,0x00000000dde00000)
  to   space 10752K, 0% used [0x00000000e5c00000,0x00000000e5c00000,0x00000000e6680000)
 ParOldGen       total 112640K, used 11344K [0x0000000080000000, 0x0000000086e00000, 0x00000000d5580000)
  object space 112640K, 10% used [0x0000000080000000,0x0000000080b140c8,0x0000000086e00000)
 Metaspace       used 31996K, capacity 33010K, committed 33072K, reserved 1077248K
  class space    used 4351K, capacity 4632K, committed 4656K, reserved 1048576K
Event: 1,498 GC heap after
Heap after GC invocations=5 (full 1):
 PSYoungGen      total 196096K, used 10741K [0x00000000d5580000, 0x00000000e6680000, 0x0000000100000000)
  eden space 185344K, 0% used [0x00000000d5580000,0x00000000d5580000,0x00000000e0a80000)
  from space 10752K, 99% used [0x00000000e5c00000,0x00000000e667d710,0x00000000e6680000)
  to   space 10752K, 0% used [0x00000000e5180000,0x00000000e5180000,0x00000000e5c00000)
 ParOldGen       total 112640K, used 13764K [0x0000000080000000, 0x0000000086e00000, 0x00000000d5580000)
  object space 112640K, 12% used [0x0000000080000000,0x0000000080d71250,0x0000000086e00000)
 Metaspace       used 31996K, capacity 33010K, committed 33072K, reserved 1077248K
  class space    used 4351K, capacity 4632K, committed 4656K, reserved 1048576K
}
Event: 1,698 GC heap before
{Heap before GC invocations=6 (full 1):
 PSYoungGen      total 196096K, used 57369K [0x00000000d5580000, 0x00000000e6680000, 0x0000000100000000)
  eden space 185344K, 25% used [0x00000000d5580000,0x00000000d8308ed8,0x00000000e0a80000)
  from space 10752K, 99% used [0x00000000e5c00000,0x00000000e667d710,0x00000000e6680000)
  to   space 10752K, 0% used [0x00000000e5180000,0x00000000e5180000,0x00000000e5c00000)
 ParOldGen       total 112640K, used 13764K [0x0000000080000000, 0x0000000086e00000, 0x00000000d5580000)
  object space 112640K, 12% used [0x0000000080000000,0x0000000080d71250,0x0000000086e00000)
 Metaspace       used 34338K, capacity 35464K, committed 35496K, reserved 1079296K
  class space    used 4693K, capacity 5011K, committed 5040K, reserved 1048576K
Event: 1,703 GC heap after
Heap after GC invocations=6 (full 1):
 PSYoungGen      total 268800K, used 9968K [0x00000000d5580000, 0x00000000e7a00000, 0x0000000100000000)
  eden space 258048K, 0% used [0x00000000d5580000,0x00000000d5580000,0x00000000e5180000)
  from space 10752K, 92% used [0x00000000e5180000,0x00000000e5b3c210,0x00000000e5c00000)
  to   space 14848K, 0% used [0x00000000e6b80000,0x00000000e6b80000,0x00000000e7a00000)
 ParOldGen       total 112640K, used 13772K [0x0000000080000000, 0x0000000086e00000, 0x00000000d5580000)
  object space 112640K, 12% used [0x0000000080000000,0x0000000080d73250,0x0000000086e00000)
 Metaspace       used 34338K, capacity 35464K, committed 35496K, reserved 1079296K
  class space    used 4693K, capacity 5011K, committed 5040K, reserved 1048576K
}
Event: 1,703 GC heap before
{Heap before GC invocations=7 (full 2):
 PSYoungGen      total 268800K, used 9968K [0x00000000d5580000, 0x00000000e7a00000, 0x0000000100000000)
  eden space 258048K, 0% used [0x00000000d5580000,0x00000000d5580000,0x00000000e5180000)
  from space 10752K, 92% used [0x00000000e5180000,0x00000000e5b3c210,0x00000000e5c00000)
  to   space 14848K, 0% used [0x00000000e6b80000,0x00000000e6b80000,0x00000000e7a00000)
 ParOldGen       total 112640K, used 13772K [0x0000000080000000, 0x0000000086e00000, 0x00000000d5580000)
  object space 112640K, 12% used [0x0000000080000000,0x0000000080d73250,0x0000000086e00000)
 Metaspace       used 34338K, capacity 35464K, committed 35496K, reserved 1079296K
  class space    used 4693K, capacity 5011K, committed 5040K, reserved 1048576K
Event: 1,731 GC heap after
Heap after GC invocations=7 (full 2):
 PSYoungGen      total 268800K, used 0K [0x00000000d5580000, 0x00000000e7a00000, 0x0000000100000000)
  eden space 258048K, 0% used [0x00000000d5580000,0x00000000d5580000,0x00000000e5180000)
  from space 10752K, 0% used [0x00000000e5180000,0x00000000e5180000,0x00000000e5c00000)
  to   space 14848K, 0% used [0x00000000e6b80000,0x00000000e6b80000,0x00000000e7a00000)
 ParOldGen       total 180224K, used 17821K [0x0000000080000000, 0x000000008b000000, 0x00000000d5580000)
  object space 180224K, 9% used [0x0000000080000000,0x0000000081167588,0x000000008b000000)
 Metaspace       used 34338K, capacity 35464K, committed 35496K, reserved 1079296K
  class space    used 4693K, capacity 5011K, committed 5040K, reserved 1048576K
}
Event: 2,855 GC heap before
{Heap before GC invocations=8 (full 2):
 PSYoungGen      total 268800K, used 258048K [0x00000000d5580000, 0x00000000e7a00000, 0x0000000100000000)
  eden space 258048K, 100% used [0x00000000d5580000,0x00000000e5180000,0x00000000e5180000)
  from space 10752K, 0% used [0x00000000e5180000,0x00000000e5180000,0x00000000e5c00000)
  to   space 14848K, 0% used [0x00000000e6b80000,0x00000000e6b80000,0x00000000e7a00000)
 ParOldGen       total 180224K, used 17821K [0x0000000080000000, 0x000000008b000000, 0x00000000d5580000)
  object space 180224K, 9% used [0x0000000080000000,0x0000000081167588,0x000000008b000000)
 Metaspace       used 52558K, capacity 54606K, committed 54952K, reserved 1097728K
  class space    used 7024K, capacity 7497K, committed 7600K, reserved 1048576K

