# JRE version: OpenJDK Runtime Environment (8.0_242) (build 1.8.0_242-release-1644-b3-6222593)
# Java VM: OpenJDK 64-Bit Server VM (25.242-b3-6222593 mixed mode linux-amd64 compressed oops)
Heap:
 PSYoungGen      total 196608K, used 59951K [0x000000076c900000, 0x000000077f200000, 0x00000007c0000000)
  eden space 185856K, 32% used [0x000000076c900000,0x000000077038be58,0x0000000777e80000)
  from space 10752K, 0% used [0x0000000777e80000,0x0000000777e80000,0x0000000778900000)
  to   space 37376K, 0% used [0x000000077cd80000,0x000000077cd80000,0x000000077f200000)
 ParOldGen       total 304640K, used 48682K [0x00000006c5a00000, 0x00000006d8380000, 0x000000076c900000)
  object space 304640K, 15% used [0x00000006c5a00000,0x00000006c898aa58,0x00000006d8380000)
 Metaspace       used 62923K, capacity 64066K, committed 64384K, reserved 1105920K
  class space    used 7536K, capacity 7804K, committed 7808K, reserved 1048576K
GC Heap History (10 events):
Event: 1,288 GC heap before
{Heap before GC invocations=4 (full 1):
 PSYoungGen      total 139776K, used 94047K [0x000000076c900000, 0x0000000775c00000, 0x00000007c0000000)
  eden space 129024K, 72% used [0x000000076c900000,0x00000007724d7dc8,0x0000000774700000)
  from space 10752K, 0% used [0x0000000775180000,0x0000000775180000,0x0000000775c00000)
  to   space 10752K, 0% used [0x0000000774700000,0x0000000774700000,0x0000000775180000)
 ParOldGen       total 115200K, used 9169K [0x00000006c5a00000, 0x00000006cca80000, 0x000000076c900000)
  object space 115200K, 7% used [0x00000006c5a00000,0x00000006c62f45e0,0x00000006cca80000)
 Metaspace       used 34757K, capacity 35175K, committed 35416K, reserved 1081344K
  class space    used 4430K, capacity 4573K, committed 4608K, reserved 1048576K
Event: 1,300 GC heap after
Heap after GC invocations=4 (full 1):
 PSYoungGen      total 139776K, used 10744K [0x000000076c900000, 0x0000000779380000, 0x00000007c0000000)
  eden space 129024K, 0% used [0x000000076c900000,0x000000076c900000,0x0000000774700000)
  from space 10752K, 99% used [0x0000000774700000,0x000000077517e250,0x0000000775180000)
  to   space 10752K, 0% used [0x0000000778900000,0x0000000778900000,0x0000000779380000)
 ParOldGen       total 115200K, used 20985K [0x00000006c5a00000, 0x00000006cca80000, 0x000000076c900000)
  object space 115200K, 18% used [0x00000006c5a00000,0x00000006c6e7e400,0x00000006cca80000)
 Metaspace       used 34757K, capacity 35175K, committed 35416K, reserved 1081344K
  class space    used 4430K, capacity 4573K, committed 4608K, reserved 1048576K
}
Event: 1,300 GC heap before
{Heap before GC invocations=5 (full 2):
 PSYoungGen      total 139776K, used 10744K [0x000000076c900000, 0x0000000779380000, 0x00000007c0000000)
  eden space 129024K, 0% used [0x000000076c900000,0x000000076c900000,0x0000000774700000)
  from space 10752K, 99% used [0x0000000774700000,0x000000077517e250,0x0000000775180000)
  to   space 10752K, 0% used [0x0000000778900000,0x0000000778900000,0x0000000779380000)
 ParOldGen       total 115200K, used 20985K [0x00000006c5a00000, 0x00000006cca80000, 0x000000076c900000)
  object space 115200K, 18% used [0x00000006c5a00000,0x00000006c6e7e400,0x00000006cca80000)
 Metaspace       used 34757K, capacity 35175K, committed 35416K, reserved 1081344K
  class space    used 4430K, capacity 4573K, committed 4608K, reserved 1048576K
Event: 1,330 GC heap after
Heap after GC invocations=5 (full 2):
 PSYoungGen      total 139776K, used 0K [0x000000076c900000, 0x0000000779380000, 0x00000007c0000000)
  eden space 129024K, 0% used [0x000000076c900000,0x000000076c900000,0x0000000774700000)
  from space 10752K, 0% used [0x0000000774700000,0x0000000774700000,0x0000000775180000)
  to   space 10752K, 0% used [0x0000000778900000,0x0000000778900000,0x0000000779380000)
 ParOldGen       total 204800K, used 27576K [0x00000006c5a00000, 0x00000006d2200000, 0x000000076c900000)
  object space 204800K, 13% used [0x00000006c5a00000,0x00000006c74ee1f0,0x00000006d2200000)
 Metaspace       used 34757K, capacity 35175K, committed 35416K, reserved 1081344K
  class space    used 4430K, capacity 4573K, committed 4608K, reserved 1048576K
}
Event: 2,176 GC heap before
{Heap before GC invocations=6 (full 2):
 PSYoungGen      total 139776K, used 129024K [0x000000076c900000, 0x0000000779380000, 0x00000007c0000000)
  eden space 129024K, 100% used [0x000000076c900000,0x0000000774700000,0x0000000774700000)
  from space 10752K, 0% used [0x0000000774700000,0x0000000774700000,0x0000000775180000)
  to   space 10752K, 0% used [0x0000000778900000,0x0000000778900000,0x0000000779380000)
 ParOldGen       total 204800K, used 27576K [0x00000006c5a00000, 0x00000006d2200000, 0x000000076c900000)
  object space 204800K, 13% used [0x00000006c5a00000,0x00000006c74ee1f0,0x00000006d2200000)
 Metaspace       used 43573K, capacity 44338K, committed 44672K, reserved 1089536K
  class space    used 5281K, capacity 5450K, committed 5504K, reserved 1048576K
Event: 2,187 GC heap after
Heap after GC invocations=6 (full 2):
 PSYoungGen      total 184320K, used 10722K [0x000000076c900000, 0x0000000779380000, 0x00000007c0000000)
  eden space 173568K, 0% used [0x000000076c900000,0x000000076c900000,0x0000000777280000)
  from space 10752K, 99% used [0x0000000778900000,0x00000007793788b0,0x0000000779380000)
  to   space 10752K, 0% used [0x0000000777e80000,0x0000000777e80000,0x0000000778900000)
 ParOldGen       total 204800K, used 41055K [0x00000006c5a00000, 0x00000006d2200000, 0x000000076c900000)
  object space 204800K, 20% used [0x00000006c5a00000,0x00000006c8217c08,0x00000006d2200000)
 Metaspace       used 43573K, capacity 44338K, committed 44672K, reserved 1089536K
  class space    used 5281K, capacity 5450K, committed 5504K, reserved 1048576K
}
Event: 3,487 GC heap before
{Heap before GC invocations=7 (full 2):
 PSYoungGen      total 184320K, used 119740K [0x000000076c900000, 0x0000000779380000, 0x00000007c0000000)
  eden space 173568K, 62% used [0x000000076c900000,0x0000000773376a18,0x0000000777280000)
  from space 10752K, 99% used [0x0000000778900000,0x00000007793788b0,0x0000000779380000)
  to   space 10752K, 0% used [0x0000000777e80000,0x0000000777e80000,0x0000000778900000)
 ParOldGen       total 204800K, used 41055K [0x00000006c5a00000, 0x00000006d2200000, 0x000000076c900000)
  object space 204800K, 20% used [0x00000006c5a00000,0x00000006c8217c08,0x00000006d2200000)
 Metaspace       used 57770K, capacity 58774K, committed 59028K, reserved 1101824K
  class space    used 7106K, capacity 7384K, committed 7424K, reserved 1048576K
Event: 3,504 GC heap after
Heap after GC invocations=7 (full 2):
 PSYoungGen      total 196608K, used 10747K [0x000000076c900000, 0x000000077f200000, 0x00000007c0000000)
  eden space 185856K, 0% used [0x000000076c900000,0x000000076c900000,0x0000000777e80000)
  from space 10752K, 99% used [0x0000000777e80000,0x00000007788fed60,0x0000000778900000)
  to   space 37376K, 0% used [0x000000077cd80000,0x000000077cd80000,0x000000077f200000)
 ParOldGen       total 204800K, used 62629K [0x00000006c5a00000, 0x00000006d2200000, 0x000000076c900000)
  object space 204800K, 30% used [0x00000006c5a00000,0x00000006c9729578,0x00000006d2200000)
 Metaspace       used 57770K, capacity 58774K, committed 59028K, reserved 1101824K
  class space    used 7106K, capacity 7384K, committed 7424K, reserved 1048576K
}
Event: 3,504 GC heap before
{Heap before GC invocations=8 (full 3):
 PSYoungGen      total 196608K, used 10747K [0x000000076c900000, 0x000000077f200000, 0x00000007c0000000)
  eden space 185856K, 0% used [0x000000076c900000,0x000000076c900000,0x0000000777e80000)
  from space 10752K, 99% used [0x0000000777e80000,0x00000007788fed60,0x0000000778900000)
  to   space 37376K, 0% used [0x000000077cd80000,0x000000077cd80000,0x000000077f200000)
 ParOldGen       total 204800K, used 62629K [0x00000006c5a00000, 0x00000006d2200000, 0x000000076c900000)
  object space 204800K, 30% used [0x00000006c5a00000,0x00000006c9729578,0x00000006d2200000)
 Metaspace       used 57770K, capacity 58774K, committed 59028K, reserved 1101824K
  class space    used 7106K, capacity 7384K, committed 7424K, reserved 1048576K
Event: 3,596 GC heap after
Heap after GC invocations=8 (full 3):
 PSYoungGen      total 196608K, used 0K [0x000000076c900000, 0x000000077f200000, 0x00000007c0000000)
  eden space 185856K, 0% used [0x000000076c900000,0x000000076c900000,0x0000000777e80000)
  from space 10752K, 0% used [0x0000000777e80000,0x0000000777e80000,0x0000000778900000)
  to   space 37376K, 0% used [0x000000077cd80000,0x000000077cd80000,0x000000077f200000)
 ParOldGen       total 304640K, used 48682K [0x00000006c5a00000, 0x00000006d8380000, 0x000000076c900000)
  object space 304640K, 15% used [0x00000006c5a00000,0x00000006c898aa58,0x00000006d8380000)
 Metaspace       used 57770K, capacity 58774K, committed 59028K, reserved 1101824K
  class space    used 7106K, capacity 7384K, committed 7424K, reserved 1048576K
}

