# JRE version: OpenJDK Runtime Environment (8.0_242) (build 1.8.0_242-release-1644-b3-6222593)
# Java VM: OpenJDK 64-Bit Server VM (25.242-b3-6222593 mixed mode linux-amd64 compressed oops)
Heap:
 PSYoungGen      total 139776K, used 29655K [0x000000076c900000, 0x0000000775c00000, 0x00000007c0000000)
  eden space 129024K, 22% used [0x000000076c900000,0x000000076e5f5d48,0x0000000774700000)
  from space 10752K, 0% used [0x0000000775180000,0x0000000775180000,0x0000000775c00000)
  to   space 10752K, 0% used [0x0000000774700000,0x0000000774700000,0x0000000775180000)
 ParOldGen       total 111104K, used 9260K [0x00000006c5a00000, 0x00000006cc680000, 0x000000076c900000)
  object space 111104K, 8% used [0x00000006c5a00000,0x00000006c630b170,0x00000006cc680000)
 Metaspace       used 22686K, capacity 23112K, committed 23296K, reserved 1069056K
  class space    used 2674K, capacity 2800K, committed 2816K, reserved 1048576K
GC Heap History (6 events):
Event: 0,635 GC heap before
{Heap before GC invocations=1 (full 0):
 PSYoungGen      total 75264K, used 64512K [0x000000076c900000, 0x0000000771d00000, 0x00000007c0000000)
  eden space 64512K, 100% used [0x000000076c900000,0x0000000770800000,0x0000000770800000)
  from space 10752K, 0% used [0x0000000771280000,0x0000000771280000,0x0000000771d00000)
  to   space 10752K, 0% used [0x0000000770800000,0x0000000770800000,0x0000000771280000)
 ParOldGen       total 172032K, used 0K [0x00000006c5a00000, 0x00000006d0200000, 0x000000076c900000)
  object space 172032K, 0% used [0x00000006c5a00000,0x00000006c5a00000,0x00000006d0200000)
 Metaspace       used 15927K, capacity 16280K, committed 16640K, reserved 1064960K
  class space    used 1819K, capacity 1940K, committed 2048K, reserved 1048576K
Event: 0,644 GC heap after
Heap after GC invocations=1 (full 0):
 PSYoungGen      total 75264K, used 10740K [0x000000076c900000, 0x0000000775c00000, 0x00000007c0000000)
  eden space 64512K, 0% used [0x000000076c900000,0x000000076c900000,0x0000000770800000)
  from space 10752K, 99% used [0x0000000770800000,0x000000077127d2a0,0x0000000771280000)
  to   space 10752K, 0% used [0x0000000775180000,0x0000000775180000,0x0000000775c00000)
 ParOldGen       total 172032K, used 4479K [0x00000006c5a00000, 0x00000006d0200000, 0x000000076c900000)
  object space 172032K, 2% used [0x00000006c5a00000,0x00000006c5e5fec0,0x00000006d0200000)
 Metaspace       used 15927K, capacity 16280K, committed 16640K, reserved 1064960K
  class space    used 1819K, capacity 1940K, committed 2048K, reserved 1048576K
}
Event: 0,803 GC heap before
{Heap before GC invocations=2 (full 0):
 PSYoungGen      total 75264K, used 30726K [0x000000076c900000, 0x0000000775c00000, 0x00000007c0000000)
  eden space 64512K, 30% used [0x000000076c900000,0x000000076dc846e8,0x0000000770800000)
  from space 10752K, 99% used [0x0000000770800000,0x000000077127d2a0,0x0000000771280000)
  to   space 10752K, 0% used [0x0000000775180000,0x0000000775180000,0x0000000775c00000)
 ParOldGen       total 172032K, used 4479K [0x00000006c5a00000, 0x00000006d0200000, 0x000000076c900000)
  object space 172032K, 2% used [0x00000006c5a00000,0x00000006c5e5fec0,0x00000006d0200000)
 Metaspace       used 20662K, capacity 21070K, committed 21248K, reserved 1069056K
  class space    used 2386K, capacity 2489K, committed 2560K, reserved 1048576K
Event: 0,809 GC heap after
Heap after GC invocations=2 (full 0):
 PSYoungGen      total 139776K, used 9588K [0x000000076c900000, 0x0000000775c00000, 0x00000007c0000000)
  eden space 129024K, 0% used [0x000000076c900000,0x000000076c900000,0x0000000774700000)
  from space 10752K, 89% used [0x0000000775180000,0x0000000775add180,0x0000000775c00000)
  to   space 10752K, 0% used [0x0000000774700000,0x0000000774700000,0x0000000775180000)
 ParOldGen       total 172032K, used 4551K [0x00000006c5a00000, 0x00000006d0200000, 0x000000076c900000)
  object space 172032K, 2% used [0x00000006c5a00000,0x00000006c5e71ed0,0x00000006d0200000)
 Metaspace       used 20662K, capacity 21070K, committed 21248K, reserved 1069056K
  class space    used 2386K, capacity 2489K, committed 2560K, reserved 1048576K
}
Event: 0,809 GC heap before
{Heap before GC invocations=3 (full 1):
 PSYoungGen      total 139776K, used 9588K [0x000000076c900000, 0x0000000775c00000, 0x00000007c0000000)
  eden space 129024K, 0% used [0x000000076c900000,0x000000076c900000,0x0000000774700000)
  from space 10752K, 89% used [0x0000000775180000,0x0000000775add180,0x0000000775c00000)
  to   space 10752K, 0% used [0x0000000774700000,0x0000000774700000,0x0000000775180000)
 ParOldGen       total 172032K, used 4551K [0x00000006c5a00000, 0x00000006d0200000, 0x000000076c900000)
  object space 172032K, 2% used [0x00000006c5a00000,0x00000006c5e71ed0,0x00000006d0200000)
 Metaspace       used 20662K, capacity 21070K, committed 21248K, reserved 1069056K
  class space    used 2386K, capacity 2489K, committed 2560K, reserved 1048576K
Event: 0,830 GC heap after
Heap after GC invocations=3 (full 1):
 PSYoungGen      total 139776K, used 0K [0x000000076c900000, 0x0000000775c00000, 0x00000007c0000000)
  eden space 129024K, 0% used [0x000000076c900000,0x000000076c900000,0x0000000774700000)
  from space 10752K, 0% used [0x0000000775180000,0x0000000775180000,0x0000000775c00000)
  to   space 10752K, 0% used [0x0000000774700000,0x0000000774700000,0x0000000775180000)
 ParOldGen       total 111104K, used 9260K [0x00000006c5a00000, 0x00000006cc680000, 0x000000076c900000)
  object space 111104K, 8% used [0x00000006c5a00000,0x00000006c630b170,0x00000006cc680000)
 Metaspace       used 20662K, capacity 21070K, committed 21248K, reserved 1069056K
  class space    used 2386K, capacity 2489K, committed 2560K, reserved 1048576K
}

