# JRE version: OpenJDK Runtime Environment (8.0_242) (build 1.8.0_242-release-1644-b3-6222593)
# Java VM: OpenJDK 64-Bit Server VM (25.242-b3-6222593 mixed mode linux-amd64 compressed oops)
Heap:
 PSYoungGen      total 415744K, used 227274K [0x00000000d5580000, 0x00000000f9400000, 0x0000000100000000)
  eden space 391680K, 51% used [0x00000000d5580000,0x00000000e1bf9658,0x00000000ed400000)
  from space 24064K, 99% used [0x00000000ed400000,0x00000000eeb79410,0x00000000eeb80000)
  to   space 30208K, 0% used [0x00000000f7680000,0x00000000f7680000,0x00000000f9400000)
 ParOldGen       total 154624K, used 41339K [0x0000000080000000, 0x0000000089700000, 0x00000000d5580000)
  object space 154624K, 26% used [0x0000000080000000,0x000000008285ed30,0x0000000089700000)
 Metaspace       used 80643K, capacity 84478K, committed 84504K, reserved 1122304K
  class space    used 11037K, capacity 11822K, committed 11824K, reserved 1048576K
GC Heap History (10 events):
Event: 19,370 GC heap before
{Heap before GC invocations=8 (full 2):
 PSYoungGen      total 249344K, used 9920K [0x00000000d5580000, 0x00000000e5a80000, 0x0000000100000000)
  eden space 237568K, 0% used [0x00000000d5580000,0x00000000d5580000,0x00000000e3d80000)
  from space 11776K, 84% used [0x00000000e4f00000,0x00000000e58b02e8,0x00000000e5a80000)
  to   space 14848K, 0% used [0x00000000e3d80000,0x00000000e3d80000,0x00000000e4c00000)
 ParOldGen       total 83968K, used 9554K [0x0000000080000000, 0x0000000085200000, 0x00000000d5580000)
  object space 83968K, 11% used [0x0000000080000000,0x0000000080954940,0x0000000085200000)
 Metaspace       used 34396K, capacity 35460K, committed 35496K, reserved 1079296K
  class space    used 4684K, capacity 5008K, committed 5040K, reserved 1048576K
Event: 19,405 GC heap after
Heap after GC invocations=8 (full 2):
 PSYoungGen      total 249344K, used 0K [0x00000000d5580000, 0x00000000e5a80000, 0x0000000100000000)
  eden space 237568K, 0% used [0x00000000d5580000,0x00000000d5580000,0x00000000e3d80000)
  from space 11776K, 0% used [0x00000000e4f00000,0x00000000e4f00000,0x00000000e5a80000)
  to   space 14848K, 0% used [0x00000000e3d80000,0x00000000e3d80000,0x00000000e4c00000)
 ParOldGen       total 113152K, used 16622K [0x0000000080000000, 0x0000000086e80000, 0x00000000d5580000)
  object space 113152K, 14% used [0x0000000080000000,0x000000008103ba80,0x0000000086e80000)
 Metaspace       used 34396K, capacity 35460K, committed 35496K, reserved 1079296K
  class space    used 4684K, capacity 5008K, committed 5040K, reserved 1048576K
}
Event: 35,382 GC heap before
{Heap before GC invocations=9 (full 2):
 PSYoungGen      total 249344K, used 237568K [0x00000000d5580000, 0x00000000e5a80000, 0x0000000100000000)
  eden space 237568K, 100% used [0x00000000d5580000,0x00000000e3d80000,0x00000000e3d80000)
  from space 11776K, 0% used [0x00000000e4f00000,0x00000000e4f00000,0x00000000e5a80000)
  to   space 14848K, 0% used [0x00000000e3d80000,0x00000000e3d80000,0x00000000e4c00000)
 ParOldGen       total 113152K, used 16622K [0x0000000080000000, 0x0000000086e80000, 0x00000000d5580000)
  object space 113152K, 14% used [0x0000000080000000,0x000000008103ba80,0x0000000086e80000)
 Metaspace       used 52283K, capacity 54140K, committed 54312K, reserved 1095680K
  class space    used 6979K, capacity 7395K, committed 7472K, reserved 1048576K
Event: 35,395 GC heap after
Heap after GC invocations=9 (full 2):
 PSYoungGen      total 252416K, used 14822K [0x00000000d5580000, 0x00000000f0380000, 0x0000000100000000)
  eden space 237568K, 0% used [0x00000000d5580000,0x00000000d5580000,0x00000000e3d80000)
  from space 14848K, 99% used [0x00000000e3d80000,0x00000000e4bf9a08,0x00000000e4c00000)
  to   space 22016K, 0% used [0x00000000eee00000,0x00000000eee00000,0x00000000f0380000)
 ParOldGen       total 113152K, used 26946K [0x0000000080000000, 0x0000000086e80000, 0x00000000d5580000)
  object space 113152K, 23% used [0x0000000080000000,0x0000000081a509e8,0x0000000086e80000)
 Metaspace       used 52283K, capacity 54140K, committed 54312K, reserved 1095680K
  class space    used 6979K, capacity 7395K, committed 7472K, reserved 1048576K
}
Event: 36,888 GC heap before
{Heap before GC invocations=10 (full 2):
 PSYoungGen      total 252416K, used 78652K [0x00000000d5580000, 0x00000000f0380000, 0x0000000100000000)
  eden space 237568K, 26% used [0x00000000d5580000,0x00000000d93d57f0,0x00000000e3d80000)
  from space 14848K, 99% used [0x00000000e3d80000,0x00000000e4bf9a08,0x00000000e4c00000)
  to   space 22016K, 0% used [0x00000000eee00000,0x00000000eee00000,0x00000000f0380000)
 ParOldGen       total 113152K, used 26946K [0x0000000080000000, 0x0000000086e80000, 0x00000000d5580000)
  object space 113152K, 23% used [0x0000000080000000,0x0000000081a509e8,0x0000000086e80000)
 Metaspace       used 56933K, capacity 59140K, committed 59160K, reserved 1099776K
  class space    used 7723K, capacity 8234K, committed 8240K, reserved 1048576K
Event: 36,898 GC heap after
Heap after GC invocations=10 (full 2):
 PSYoungGen      total 413184K, used 20047K [0x00000000d5580000, 0x00000000f0300000, 0x0000000100000000)
  eden space 391680K, 0% used [0x00000000d5580000,0x00000000d5580000,0x00000000ed400000)
  from space 21504K, 93% used [0x00000000eee00000,0x00000000f0193ef0,0x00000000f0300000)
  to   space 24064K, 0% used [0x00000000ed400000,0x00000000ed400000,0x00000000eeb80000)
 ParOldGen       total 113152K, used 26954K [0x0000000080000000, 0x0000000086e80000, 0x00000000d5580000)
  object space 113152K, 23% used [0x0000000080000000,0x0000000081a529e8,0x0000000086e80000)
 Metaspace       used 56933K, capacity 59140K, committed 59160K, reserved 1099776K
  class space    used 7723K, capacity 8234K, committed 8240K, reserved 1048576K
}
Event: 36,898 GC heap before
{Heap before GC invocations=11 (full 3):
 PSYoungGen      total 413184K, used 20047K [0x00000000d5580000, 0x00000000f0300000, 0x0000000100000000)
  eden space 391680K, 0% used [0x00000000d5580000,0x00000000d5580000,0x00000000ed400000)
  from space 21504K, 93% used [0x00000000eee00000,0x00000000f0193ef0,0x00000000f0300000)
  to   space 24064K, 0% used [0x00000000ed400000,0x00000000ed400000,0x00000000eeb80000)
 ParOldGen       total 113152K, used 26954K [0x0000000080000000, 0x0000000086e80000, 0x00000000d5580000)
  object space 113152K, 23% used [0x0000000080000000,0x0000000081a529e8,0x0000000086e80000)
 Metaspace       used 56933K, capacity 59140K, committed 59160K, reserved 1099776K
  class space    used 7723K, capacity 8234K, committed 8240K, reserved 1048576K
Event: 37,016 GC heap after
Heap after GC invocations=11 (full 3):
 PSYoungGen      total 413184K, used 0K [0x00000000d5580000, 0x00000000f0300000, 0x0000000100000000)
  eden space 391680K, 0% used [0x00000000d5580000,0x00000000d5580000,0x00000000ed400000)
  from space 21504K, 0% used [0x00000000eee00000,0x00000000eee00000,0x00000000f0300000)
  to   space 24064K, 0% used [0x00000000ed400000,0x00000000ed400000,0x00000000eeb80000)
 ParOldGen       total 154624K, used 34179K [0x0000000080000000, 0x0000000089700000, 0x00000000d5580000)
  object space 154624K, 22% used [0x0000000080000000,0x0000000082160c80,0x0000000089700000)
 Metaspace       used 56921K, capacity 59098K, committed 59160K, reserved 1099776K
  class space    used 7719K, capacity 8227K, committed 8240K, reserved 1048576K
}
Event: 43,839 GC heap before
{Heap before GC invocations=12 (full 3):
 PSYoungGen      total 413184K, used 391680K [0x00000000d5580000, 0x00000000f0300000, 0x0000000100000000)
  eden space 391680K, 100% used [0x00000000d5580000,0x00000000ed400000,0x00000000ed400000)
  from space 21504K, 0% used [0x00000000eee00000,0x00000000eee00000,0x00000000f0300000)
  to   space 24064K, 0% used [0x00000000ed400000,0x00000000ed400000,0x00000000eeb80000)
 ParOldGen       total 154624K, used 34179K [0x0000000080000000, 0x0000000089700000, 0x00000000d5580000)
  object space 154624K, 22% used [0x0000000080000000,0x0000000082160c80,0x0000000089700000)
 Metaspace       used 73900K, capacity 77052K, committed 77208K, reserved 1116160K
  class space    used 10210K, capacity 10856K, committed 10928K, reserved 1048576K
Event: 43,857 GC heap after
Heap after GC invocations=12 (full 3):
 PSYoungGen      total 415744K, used 24037K [0x00000000d5580000, 0x00000000f9400000, 0x0000000100000000)
  eden space 391680K, 0% used [0x00000000d5580000,0x00000000d5580000,0x00000000ed400000)
  from space 24064K, 99% used [0x00000000ed400000,0x00000000eeb79410,0x00000000eeb80000)
  to   space 30208K, 0% used [0x00000000f7680000,0x00000000f7680000,0x00000000f9400000)
 ParOldGen       total 154624K, used 41339K [0x0000000080000000, 0x0000000089700000, 0x00000000d5580000)
  object space 154624K, 26% used [0x0000000080000000,0x000000008285ed30,0x0000000089700000)
 Metaspace       used 73900K, capacity 77052K, committed 77208K, reserved 1116160K
  class space    used 10210K, capacity 10856K, committed 10928K, reserved 1048576K
}

