# JRE version: OpenJDK Runtime Environment (8.0_242) (build 1.8.0_242-release-1644-b3-6222593)
# Java VM: OpenJDK 64-Bit Server VM (25.242-b3-6222593 mixed mode linux-amd64 compressed oops)
Heap:
 PSYoungGen      total 394752K, used 364429K [0x00000000d5580000, 0x00000000f3a00000, 0x0000000100000000)
  eden space 330752K, 100% used [0x00000000d5580000,0x00000000e9880000,0x00000000e9880000)
  from space 64000K, 52% used [0x00000000e9880000,0x00000000eb963588,0x00000000ed700000)
  to   space 62464K, 23% used [0x00000000efd00000,0x00000000f0b40180,0x00000000f3a00000)
 ParOldGen       total 421376K, used 74071K [0x0000000080000000, 0x0000000099b80000, 0x00000000d5580000)
  object space 421376K, 17% used [0x0000000080000000,0x0000000084855ec8,0x0000000099b80000)
 Metaspace       used 104862K, capacity 111322K, committed 111512K, reserved 1144832K
  class space    used 14036K, capacity 15257K, committed 15280K, reserved 1048576K
GC Heap History (10 events):
Event: 294,456 GC heap after
Heap after GC invocations=13 (full 3):
 PSYoungGen      total 388608K, used 36847K [0x00000000d5580000, 0x00000000f2280000, 0x0000000100000000)
  eden space 351744K, 0% used [0x00000000d5580000,0x00000000d5580000,0x00000000ead00000)
  from space 36864K, 99% used [0x00000000efe80000,0x00000000f227bca8,0x00000000f2280000)
  to   space 44032K, 0% used [0x00000000ecc80000,0x00000000ecc80000,0x00000000ef780000)
 ParOldGen       total 261120K, used 47074K [0x0000000080000000, 0x000000008ff00000, 0x00000000d5580000)
  object space 261120K, 18% used [0x0000000080000000,0x0000000082df8990,0x000000008ff00000)
 Metaspace       used 81146K, capacity 85294K, committed 85656K, reserved 1124352K
  class space    used 10748K, capacity 11577K, committed 11696K, reserved 1048576K
}
Event: 316,883 GC heap before
{Heap before GC invocations=14 (full 3):
 PSYoungGen      total 388608K, used 388591K [0x00000000d5580000, 0x00000000f2280000, 0x0000000100000000)
  eden space 351744K, 100% used [0x00000000d5580000,0x00000000ead00000,0x00000000ead00000)
  from space 36864K, 99% used [0x00000000efe80000,0x00000000f227bca8,0x00000000f2280000)
  to   space 44032K, 0% used [0x00000000ecc80000,0x00000000ecc80000,0x00000000ef780000)
 ParOldGen       total 261120K, used 47074K [0x0000000080000000, 0x000000008ff00000, 0x00000000d5580000)
  object space 261120K, 18% used [0x0000000080000000,0x0000000082df8990,0x000000008ff00000)
 Metaspace       used 85546K, capacity 90114K, committed 90392K, reserved 1128448K
  class space    used 11299K, capacity 12214K, committed 12336K, reserved 1048576K
Event: 316,904 GC heap after
Heap after GC invocations=14 (full 3):
 PSYoungGen      total 385024K, used 44027K [0x00000000d5580000, 0x00000000f0b80000, 0x0000000100000000)
  eden space 340992K, 0% used [0x00000000d5580000,0x00000000d5580000,0x00000000ea280000)
  from space 44032K, 99% used [0x00000000ecc80000,0x00000000ef77ee60,0x00000000ef780000)
  to   space 20480K, 0% used [0x00000000ef780000,0x00000000ef780000,0x00000000f0b80000)
 ParOldGen       total 261120K, used 55558K [0x0000000080000000, 0x000000008ff00000, 0x00000000d5580000)
  object space 261120K, 21% used [0x0000000080000000,0x0000000083641a70,0x000000008ff00000)
 Metaspace       used 85546K, capacity 90114K, committed 90392K, reserved 1128448K
  class space    used 11299K, capacity 12214K, committed 12336K, reserved 1048576K
}
Event: 319,922 GC heap before
{Heap before GC invocations=15 (full 3):
 PSYoungGen      total 385024K, used 216325K [0x00000000d5580000, 0x00000000f0b80000, 0x0000000100000000)
  eden space 340992K, 50% used [0x00000000d5580000,0x00000000dfdc2660,0x00000000ea280000)
  from space 44032K, 99% used [0x00000000ecc80000,0x00000000ef77ee60,0x00000000ef780000)
  to   space 20480K, 0% used [0x00000000ef780000,0x00000000ef780000,0x00000000f0b80000)
 ParOldGen       total 261120K, used 55558K [0x0000000080000000, 0x000000008ff00000, 0x00000000d5580000)
  object space 261120K, 21% used [0x0000000080000000,0x0000000083641a70,0x000000008ff00000)
 Metaspace       used 93436K, capacity 98564K, committed 98584K, reserved 1134592K
  class space    used 12355K, capacity 13352K, committed 13360K, reserved 1048576K
Event: 319,946 GC heap after
Heap after GC invocations=15 (full 3):
 PSYoungGen      total 351232K, used 20448K [0x00000000d5580000, 0x00000000f1580000, 0x0000000100000000)
  eden space 330752K, 0% used [0x00000000d5580000,0x00000000d5580000,0x00000000e9880000)
  from space 20480K, 99% used [0x00000000ef780000,0x00000000f0b78070,0x00000000f0b80000)
  to   space 64000K, 0% used [0x00000000e9880000,0x00000000e9880000,0x00000000ed700000)
 ParOldGen       total 261120K, used 94110K [0x0000000080000000, 0x000000008ff00000, 0x00000000d5580000)
  object space 261120K, 36% used [0x0000000080000000,0x0000000085be7bb8,0x000000008ff00000)
 Metaspace       used 93436K, capacity 98564K, committed 98584K, reserved 1134592K
  class space    used 12355K, capacity 13352K, committed 13360K, reserved 1048576K
}
Event: 319,946 GC heap before
{Heap before GC invocations=16 (full 4):
 PSYoungGen      total 351232K, used 20448K [0x00000000d5580000, 0x00000000f1580000, 0x0000000100000000)
  eden space 330752K, 0% used [0x00000000d5580000,0x00000000d5580000,0x00000000e9880000)
  from space 20480K, 99% used [0x00000000ef780000,0x00000000f0b78070,0x00000000f0b80000)
  to   space 64000K, 0% used [0x00000000e9880000,0x00000000e9880000,0x00000000ed700000)
 ParOldGen       total 261120K, used 94110K [0x0000000080000000, 0x000000008ff00000, 0x00000000d5580000)
  object space 261120K, 36% used [0x0000000080000000,0x0000000085be7bb8,0x000000008ff00000)
 Metaspace       used 93436K, capacity 98564K, committed 98584K, reserved 1134592K
  class space    used 12355K, capacity 13352K, committed 13360K, reserved 1048576K
Event: 320,074 GC heap after
Heap after GC invocations=16 (full 4):
 PSYoungGen      total 351232K, used 0K [0x00000000d5580000, 0x00000000f1580000, 0x0000000100000000)
  eden space 330752K, 0% used [0x00000000d5580000,0x00000000d5580000,0x00000000e9880000)
  from space 20480K, 0% used [0x00000000ef780000,0x00000000ef780000,0x00000000f0b80000)
  to   space 64000K, 0% used [0x00000000e9880000,0x00000000e9880000,0x00000000ed700000)
 ParOldGen       total 421376K, used 74063K [0x0000000080000000, 0x0000000099b80000, 0x00000000d5580000)
  object space 421376K, 17% used [0x0000000080000000,0x0000000084853ec8,0x0000000099b80000)
 Metaspace       used 92854K, capacity 96920K, committed 98584K, reserved 1134592K
  class space    used 12164K, capacity 13020K, committed 13360K, reserved 1048576K
}
Event: 326,085 GC heap before
{Heap before GC invocations=17 (full 4):
 PSYoungGen      total 351232K, used 330752K [0x00000000d5580000, 0x00000000f1580000, 0x0000000100000000)
  eden space 330752K, 100% used [0x00000000d5580000,0x00000000e9880000,0x00000000e9880000)
  from space 20480K, 0% used [0x00000000ef780000,0x00000000ef780000,0x00000000f0b80000)
  to   space 64000K, 0% used [0x00000000e9880000,0x00000000e9880000,0x00000000ed700000)
 ParOldGen       total 421376K, used 74063K [0x0000000080000000, 0x0000000099b80000, 0x00000000d5580000)
  object space 421376K, 17% used [0x0000000080000000,0x0000000084853ec8,0x0000000099b80000)
 Metaspace       used 102111K, capacity 108170K, committed 108440K, reserved 1142784K
  class space    used 13609K, capacity 14727K, committed 14768K, reserved 1048576K
Event: 326,100 GC heap after
Heap after GC invocations=17 (full 4):
 PSYoungGen      total 394752K, used 33677K [0x00000000d5580000, 0x00000000f3a00000, 0x0000000100000000)
  eden space 330752K, 0% used [0x00000000d5580000,0x00000000d5580000,0x00000000e9880000)
  from space 64000K, 52% used [0x00000000e9880000,0x00000000eb963588,0x00000000ed700000)
  to   space 62464K, 0% used [0x00000000efd00000,0x00000000efd00000,0x00000000f3a00000)
 ParOldGen       total 421376K, used 74071K [0x0000000080000000, 0x0000000099b80000, 0x00000000d5580000)
  object space 421376K, 17% used [0x0000000080000000,0x0000000084855ec8,0x0000000099b80000)
 Metaspace       used 102111K, capacity 108170K, committed 108440K, reserved 1142784K
  class space    used 13609K, capacity 14727K, committed 14768K, reserved 1048576K
}
Event: 360,777 GC heap before
{Heap before GC invocations=18 (full 4):
 PSYoungGen      total 394752K, used 364429K [0x00000000d5580000, 0x00000000f3a00000, 0x0000000100000000)
  eden space 330752K, 100% used [0x00000000d5580000,0x00000000e9880000,0x00000000e9880000)
  from space 64000K, 52% used [0x00000000e9880000,0x00000000eb963588,0x00000000ed700000)
  to   space 62464K, 0% used [0x00000000efd00000,0x00000000efd00000,0x00000000f3a00000)
 ParOldGen       total 421376K, used 74071K [0x0000000080000000, 0x0000000099b80000, 0x00000000d5580000)
  object space 421376K, 17% used [0x0000000080000000,0x0000000084855ec8,0x0000000099b80000)
 Metaspace       used 104862K, capacity 111322K, committed 111512K, reserved 1144832K
  class space    used 14036K, capacity 15257K, committed 15280K, reserved 1048576K

