# JRE version: OpenJDK Runtime Environment (8.0_242) (build 1.8.0_242-release-1644-b3-6222593)
# Java VM: OpenJDK 64-Bit Server VM (25.242-b3-6222593 mixed mode linux-amd64 compressed oops)
Heap:
 PSYoungGen      total 139776K, used 88906K [0x000000076c900000, 0x0000000775c00000, 0x00000007c0000000)
  eden space 129024K, 68% used [0x000000076c900000,0x0000000771fd2818,0x0000000774700000)
  from space 10752K, 0% used [0x0000000775180000,0x0000000775180000,0x0000000775c00000)
  to   space 10752K, 0% used [0x0000000774700000,0x0000000774700000,0x0000000775180000)
 ParOldGen       total 116736K, used 9181K [0x00000006c5a00000, 0x00000006ccc00000, 0x000000076c900000)
  object space 116736K, 7% used [0x00000006c5a00000,0x00000006c62f7578,0x00000006ccc00000)
 Metaspace       used 32685K, capacity 33197K, committed 33536K, reserved 1079296K
  class space    used 4115K, capacity 4280K, committed 4352K, reserved 1048576K
GC Heap History (6 events):
Event: 0,547 GC heap before
{Heap before GC invocations=1 (full 0):
 PSYoungGen      total 75264K, used 64512K [0x000000076c900000, 0x0000000771d00000, 0x00000007c0000000)
  eden space 64512K, 100% used [0x000000076c900000,0x0000000770800000,0x0000000770800000)
  from space 10752K, 0% used [0x0000000771280000,0x0000000771280000,0x0000000771d00000)
  to   space 10752K, 0% used [0x0000000770800000,0x0000000770800000,0x0000000771280000)
 ParOldGen       total 172032K, used 0K [0x00000006c5a00000, 0x00000006d0200000, 0x000000076c900000)
  object space 172032K, 0% used [0x00000006c5a00000,0x00000006c5a00000,0x00000006d0200000)
 Metaspace       used 15954K, capacity 16290K, committed 16640K, reserved 1064960K
  class space    used 1835K, capacity 1945K, committed 2048K, reserved 1048576K
Event: 0,554 GC heap after
Heap after GC invocations=1 (full 0):
 PSYoungGen      total 75264K, used 10736K [0x000000076c900000, 0x0000000775c00000, 0x00000007c0000000)
  eden space 64512K, 0% used [0x000000076c900000,0x000000076c900000,0x0000000770800000)
  from space 10752K, 99% used [0x0000000770800000,0x000000077127c098,0x0000000771280000)
  to   space 10752K, 0% used [0x0000000775180000,0x0000000775180000,0x0000000775c00000)
 ParOldGen       total 172032K, used 4517K [0x00000006c5a00000, 0x00000006d0200000, 0x000000076c900000)
  object space 172032K, 2% used [0x00000006c5a00000,0x00000006c5e697f0,0x00000006d0200000)
 Metaspace       used 15954K, capacity 16290K, committed 16640K, reserved 1064960K
  class space    used 1835K, capacity 1945K, committed 2048K, reserved 1048576K
}
Event: 0,691 GC heap before
{Heap before GC invocations=2 (full 0):
 PSYoungGen      total 75264K, used 30696K [0x000000076c900000, 0x0000000775c00000, 0x00000007c0000000)
  eden space 64512K, 30% used [0x000000076c900000,0x000000076dc7e1a8,0x0000000770800000)
  from space 10752K, 99% used [0x0000000770800000,0x000000077127c098,0x0000000771280000)
  to   space 10752K, 0% used [0x0000000775180000,0x0000000775180000,0x0000000775c00000)
 ParOldGen       total 172032K, used 4517K [0x00000006c5a00000, 0x00000006d0200000, 0x000000076c900000)
  object space 172032K, 2% used [0x00000006c5a00000,0x00000006c5e697f0,0x00000006d0200000)
 Metaspace       used 20730K, capacity 21104K, committed 21248K, reserved 1069056K
  class space    used 2412K, capacity 2522K, committed 2560K, reserved 1048576K
Event: 0,696 GC heap after
Heap after GC invocations=2 (full 0):
 PSYoungGen      total 139776K, used 9528K [0x000000076c900000, 0x0000000775c00000, 0x00000007c0000000)
  eden space 129024K, 0% used [0x000000076c900000,0x000000076c900000,0x0000000774700000)
  from space 10752K, 88% used [0x0000000775180000,0x0000000775ace188,0x0000000775c00000)
  to   space 10752K, 0% used [0x0000000774700000,0x0000000774700000,0x0000000775180000)
 ParOldGen       total 172032K, used 4590K [0x00000006c5a00000, 0x00000006d0200000, 0x000000076c900000)
  object space 172032K, 2% used [0x00000006c5a00000,0x00000006c5e7b800,0x00000006d0200000)
 Metaspace       used 20730K, capacity 21104K, committed 21248K, reserved 1069056K
  class space    used 2412K, capacity 2522K, committed 2560K, reserved 1048576K
}
Event: 0,696 GC heap before
{Heap before GC invocations=3 (full 1):
 PSYoungGen      total 139776K, used 9528K [0x000000076c900000, 0x0000000775c00000, 0x00000007c0000000)
  eden space 129024K, 0% used [0x000000076c900000,0x000000076c900000,0x0000000774700000)
  from space 10752K, 88% used [0x0000000775180000,0x0000000775ace188,0x0000000775c00000)
  to   space 10752K, 0% used [0x0000000774700000,0x0000000774700000,0x0000000775180000)
 ParOldGen       total 172032K, used 4590K [0x00000006c5a00000, 0x00000006d0200000, 0x000000076c900000)
  object space 172032K, 2% used [0x00000006c5a00000,0x00000006c5e7b800,0x00000006d0200000)
 Metaspace       used 20730K, capacity 21104K, committed 21248K, reserved 1069056K
  class space    used 2412K, capacity 2522K, committed 2560K, reserved 1048576K
Event: 0,717 GC heap after
Heap after GC invocations=3 (full 1):
 PSYoungGen      total 139776K, used 0K [0x000000076c900000, 0x0000000775c00000, 0x00000007c0000000)
  eden space 129024K, 0% used [0x000000076c900000,0x000000076c900000,0x0000000774700000)
  from space 10752K, 0% used [0x0000000775180000,0x0000000775180000,0x0000000775c00000)
  to   space 10752K, 0% used [0x0000000774700000,0x0000000774700000,0x0000000775180000)
 ParOldGen       total 116736K, used 9181K [0x00000006c5a00000, 0x00000006ccc00000, 0x000000076c900000)
  object space 116736K, 7% used [0x00000006c5a00000,0x00000006c62f7578,0x00000006ccc00000)
 Metaspace       used 20730K, capacity 21104K, committed 21248K, reserved 1069056K
  class space    used 2412K, capacity 2522K, committed 2560K, reserved 1048576K
}

