# JRE version: OpenJDK Runtime Environment (8.0_242) (build 1.8.0_242-release-1644-b3-6222593)
# Java VM: OpenJDK 64-Bit Server VM (25.242-b3-6222593 mixed mode linux-amd64 compressed oops)
Heap:
 PSYoungGen      total 139776K, used 129024K [0x00000000d5580000, 0x00000000e6680000, 0x0000000100000000)
  eden space 129024K, 100% used [0x00000000d5580000,0x00000000dd380000,0x00000000dd380000)
  from space 10752K, 0% used [0x00000000dd380000,0x00000000dd380000,0x00000000dde00000)
  to   space 10752K, 48% used [0x00000000e5c00000,0x00000000e610fc10,0x00000000e6680000)
 ParOldGen       total 113664K, used 11284K [0x0000000080000000, 0x0000000086f00000, 0x00000000d5580000)
  object space 113664K, 9% used [0x0000000080000000,0x0000000080b053b0,0x0000000086f00000)
 Metaspace       used 32011K, capacity 33010K, committed 33072K, reserved 1077248K
  class space    used 4354K, capacity 4632K, committed 4656K, reserved 1048576K
GC Heap History (9 events):
Event: 0,346 GC heap before
{Heap before GC invocations=1 (full 0):
 PSYoungGen      total 75264K, used 64512K [0x00000000d5580000, 0x00000000da980000, 0x0000000100000000)
  eden space 64512K, 100% used [0x00000000d5580000,0x00000000d9480000,0x00000000d9480000)
  from space 10752K, 0% used [0x00000000d9f00000,0x00000000d9f00000,0x00000000da980000)
  to   space 10752K, 0% used [0x00000000d9480000,0x00000000d9480000,0x00000000d9f00000)
 ParOldGen       total 172032K, used 0K [0x0000000080000000, 0x000000008a800000, 0x00000000d5580000)
  object space 172032K, 0% used [0x0000000080000000,0x0000000080000000,0x000000008a800000)
 Metaspace       used 7610K, capacity 7808K, committed 8064K, reserved 1056768K
  class space    used 973K, capacity 1072K, committed 1152K, reserved 1048576K
Event: 0,350 GC heap after
Heap after GC invocations=1 (full 0):
 PSYoungGen      total 75264K, used 6248K [0x00000000d5580000, 0x00000000de880000, 0x0000000100000000)
  eden space 64512K, 0% used [0x00000000d5580000,0x00000000d5580000,0x00000000d9480000)
  from space 10752K, 58% used [0x00000000d9480000,0x00000000d9a9a3b0,0x00000000d9f00000)
  to   space 10752K, 0% used [0x00000000dde00000,0x00000000dde00000,0x00000000de880000)
 ParOldGen       total 172032K, used 16K [0x0000000080000000, 0x000000008a800000, 0x00000000d5580000)
  object space 172032K, 0% used [0x0000000080000000,0x0000000080004000,0x000000008a800000)
 Metaspace       used 7610K, capacity 7808K, committed 8064K, reserved 1056768K
  class space    used 973K, capacity 1072K, committed 1152K, reserved 1048576K
}
Event: 0,624 GC heap before
{Heap before GC invocations=2 (full 0):
 PSYoungGen      total 75264K, used 70760K [0x00000000d5580000, 0x00000000de880000, 0x0000000100000000)
  eden space 64512K, 100% used [0x00000000d5580000,0x00000000d9480000,0x00000000d9480000)
  from space 10752K, 58% used [0x00000000d9480000,0x00000000d9a9a3b0,0x00000000d9f00000)
  to   space 10752K, 0% used [0x00000000dde00000,0x00000000dde00000,0x00000000de880000)
 ParOldGen       total 172032K, used 16K [0x0000000080000000, 0x000000008a800000, 0x00000000d5580000)
  object space 172032K, 0% used [0x0000000080000000,0x0000000080004000,0x000000008a800000)
 Metaspace       used 15257K, capacity 15696K, committed 15872K, reserved 1062912K
  class space    used 2058K, capacity 2220K, committed 2304K, reserved 1048576K
Event: 0,630 GC heap after
Heap after GC invocations=2 (full 0):
 PSYoungGen      total 139776K, used 9909K [0x00000000d5580000, 0x00000000de880000, 0x0000000100000000)
  eden space 129024K, 0% used [0x00000000d5580000,0x00000000d5580000,0x00000000dd380000)
  from space 10752K, 92% used [0x00000000dde00000,0x00000000de7ad680,0x00000000de880000)
  to   space 10752K, 0% used [0x00000000dd380000,0x00000000dd380000,0x00000000dde00000)
 ParOldGen       total 172032K, used 24K [0x0000000080000000, 0x000000008a800000, 0x00000000d5580000)
  object space 172032K, 0% used [0x0000000080000000,0x0000000080006000,0x000000008a800000)
 Metaspace       used 15257K, capacity 15696K, committed 15872K, reserved 1062912K
  class space    used 2058K, capacity 2220K, committed 2304K, reserved 1048576K
}
Event: 0,909 GC heap before
{Heap before GC invocations=3 (full 0):
 PSYoungGen      total 139776K, used 76354K [0x00000000d5580000, 0x00000000de880000, 0x0000000100000000)
  eden space 129024K, 51% used [0x00000000d5580000,0x00000000d9663520,0x00000000dd380000)
  from space 10752K, 92% used [0x00000000dde00000,0x00000000de7ad680,0x00000000de880000)
  to   space 10752K, 0% used [0x00000000dd380000,0x00000000dd380000,0x00000000dde00000)
 ParOldGen       total 172032K, used 24K [0x0000000080000000, 0x000000008a800000, 0x00000000d5580000)
  object space 172032K, 0% used [0x0000000080000000,0x0000000080006000,0x000000008a800000)
 Metaspace       used 20483K, capacity 21214K, committed 21296K, reserved 1067008K
  class space    used 2888K, capacity 3093K, committed 3120K, reserved 1048576K
Event: 0,917 GC heap after
Heap after GC invocations=3 (full 0):
 PSYoungGen      total 139776K, used 10743K [0x00000000d5580000, 0x00000000e6680000, 0x0000000100000000)
  eden space 129024K, 0% used [0x00000000d5580000,0x00000000d5580000,0x00000000dd380000)
  from space 10752K, 99% used [0x00000000dd380000,0x00000000dddfdfa8,0x00000000dde00000)
  to   space 10752K, 0% used [0x00000000e5c00000,0x00000000e5c00000,0x00000000e6680000)
 ParOldGen       total 172032K, used 1014K [0x0000000080000000, 0x000000008a800000, 0x00000000d5580000)
  object space 172032K, 0% used [0x0000000080000000,0x00000000800fda70,0x000000008a800000)
 Metaspace       used 20483K, capacity 21214K, committed 21296K, reserved 1067008K
  class space    used 2888K, capacity 3093K, committed 3120K, reserved 1048576K
}
Event: 0,917 GC heap before
{Heap before GC invocations=4 (full 1):
 PSYoungGen      total 139776K, used 10743K [0x00000000d5580000, 0x00000000e6680000, 0x0000000100000000)
  eden space 129024K, 0% used [0x00000000d5580000,0x00000000d5580000,0x00000000dd380000)
  from space 10752K, 99% used [0x00000000dd380000,0x00000000dddfdfa8,0x00000000dde00000)
  to   space 10752K, 0% used [0x00000000e5c00000,0x00000000e5c00000,0x00000000e6680000)
 ParOldGen       total 172032K, used 1014K [0x0000000080000000, 0x000000008a800000, 0x00000000d5580000)
  object space 172032K, 0% used [0x0000000080000000,0x00000000800fda70,0x000000008a800000)
 Metaspace       used 20483K, capacity 21214K, committed 21296K, reserved 1067008K
  class space    used 2888K, capacity 3093K, committed 3120K, reserved 1048576K
Event: 0,939 GC heap after
Heap after GC invocations=4 (full 1):
 PSYoungGen      total 139776K, used 0K [0x00000000d5580000, 0x00000000e6680000, 0x0000000100000000)
  eden space 129024K, 0% used [0x00000000d5580000,0x00000000d5580000,0x00000000dd380000)
  from space 10752K, 0% used [0x00000000dd380000,0x00000000dd380000,0x00000000dde00000)
  to   space 10752K, 0% used [0x00000000e5c00000,0x00000000e5c00000,0x00000000e6680000)
 ParOldGen       total 113664K, used 11276K [0x0000000080000000, 0x0000000086f00000, 0x00000000d5580000)
  object space 113664K, 9% used [0x0000000080000000,0x0000000080b033b0,0x0000000086f00000)
 Metaspace       used 20483K, capacity 21214K, committed 21296K, reserved 1067008K
  class space    used 2888K, capacity 3093K, committed 3120K, reserved 1048576K
}
Event: 1,514 GC heap before
{Heap before GC invocations=5 (full 1):
 PSYoungGen      total 139776K, used 129024K [0x00000000d5580000, 0x00000000e6680000, 0x0000000100000000)
  eden space 129024K, 100% used [0x00000000d5580000,0x00000000dd380000,0x00000000dd380000)
  from space 10752K, 0% used [0x00000000dd380000,0x00000000dd380000,0x00000000dde00000)
  to   space 10752K, 0% used [0x00000000e5c00000,0x00000000e5c00000,0x00000000e6680000)
 ParOldGen       total 113664K, used 11276K [0x0000000080000000, 0x0000000086f00000, 0x00000000d5580000)
  object space 113664K, 9% used [0x0000000080000000,0x0000000080b033b0,0x0000000086f00000)
 Metaspace       used 32011K, capacity 33010K, committed 33072K, reserved 1077248K
  class space    used 4354K, capacity 4632K, committed 4656K, reserved 1048576K

