# JRE version: OpenJDK Runtime Environment (8.0_242) (build 1.8.0_242-release-1644-b3-6222593)
# Java VM: OpenJDK 64-Bit Server VM (25.242-b3-6222593 mixed mode linux-amd64 compressed oops)
Heap:
 PSYoungGen      total 274944K, used 138525K [0x00000000d5580000, 0x00000000edd80000, 0x0000000100000000)
  eden space 251392K, 55% used [0x00000000d5580000,0x00000000ddcc75a0,0x00000000e4b00000)
  from space 23552K, 0% used [0x00000000e4b00000,0x00000000e4b00000,0x00000000e6200000)
  to   space 25088K, 0% used [0x00000000ec500000,0x00000000ec500000,0x00000000edd80000)
 ParOldGen       total 271360K, used 33484K [0x0000000080000000, 0x0000000090900000, 0x00000000d5580000)
  object space 271360K, 12% used [0x0000000080000000,0x00000000820b31d8,0x0000000090900000)
 Metaspace       used 63061K, capacity 65668K, committed 65816K, reserved 1105920K
  class space    used 8678K, capacity 9205K, committed 9264K, reserved 1048576K
GC Heap History (10 events):
Event: 1,605 GC heap before
{Heap before GC invocations=6 (full 1):
 PSYoungGen      total 192000K, used 56327K [0x00000000d5580000, 0x00000000e6680000, 0x0000000100000000)
  eden space 181248K, 25% used [0x00000000d5580000,0x00000000d8203fb0,0x00000000e0680000)
  from space 10752K, 99% used [0x00000000e5c00000,0x00000000e667de58,0x00000000e6680000)
  to   space 10752K, 0% used [0x00000000e5180000,0x00000000e5180000,0x00000000e5c00000)
 ParOldGen       total 115200K, used 13620K [0x0000000080000000, 0x0000000087080000, 0x00000000d5580000)
  object space 115200K, 11% used [0x0000000080000000,0x0000000080d4d220,0x0000000087080000)
 Metaspace       used 34350K, capacity 35454K, committed 35496K, reserved 1079296K
  class space    used 4696K, capacity 5009K, committed 5040K, reserved 1048576K
Event: 1,610 GC heap after
Heap after GC invocations=6 (full 1):
 PSYoungGen      total 268800K, used 10039K [0x00000000d5580000, 0x00000000e7080000, 0x0000000100000000)
  eden space 258048K, 0% used [0x00000000d5580000,0x00000000d5580000,0x00000000e5180000)
  from space 10752K, 93% used [0x00000000e5180000,0x00000000e5b4dc50,0x00000000e5c00000)
  to   space 14848K, 0% used [0x00000000e6200000,0x00000000e6200000,0x00000000e7080000)
 ParOldGen       total 115200K, used 13628K [0x0000000080000000, 0x0000000087080000, 0x00000000d5580000)
  object space 115200K, 11% used [0x0000000080000000,0x0000000080d4f220,0x0000000087080000)
 Metaspace       used 34350K, capacity 35454K, committed 35496K, reserved 1079296K
  class space    used 4696K, capacity 5009K, committed 5040K, reserved 1048576K
}
Event: 1,610 GC heap before
{Heap before GC invocations=7 (full 2):
 PSYoungGen      total 268800K, used 10039K [0x00000000d5580000, 0x00000000e7080000, 0x0000000100000000)
  eden space 258048K, 0% used [0x00000000d5580000,0x00000000d5580000,0x00000000e5180000)
  from space 10752K, 93% used [0x00000000e5180000,0x00000000e5b4dc50,0x00000000e5c00000)
  to   space 14848K, 0% used [0x00000000e6200000,0x00000000e6200000,0x00000000e7080000)
 ParOldGen       total 115200K, used 13628K [0x0000000080000000, 0x0000000087080000, 0x00000000d5580000)
  object space 115200K, 11% used [0x0000000080000000,0x0000000080d4f220,0x0000000087080000)
 Metaspace       used 34350K, capacity 35454K, committed 35496K, reserved 1079296K
  class space    used 4696K, capacity 5009K, committed 5040K, reserved 1048576K
Event: 1,639 GC heap after
Heap after GC invocations=7 (full 2):
 PSYoungGen      total 268800K, used 0K [0x00000000d5580000, 0x00000000e7080000, 0x0000000100000000)
  eden space 258048K, 0% used [0x00000000d5580000,0x00000000d5580000,0x00000000e5180000)
  from space 10752K, 0% used [0x00000000e5180000,0x00000000e5180000,0x00000000e5c00000)
  to   space 14848K, 0% used [0x00000000e6200000,0x00000000e6200000,0x00000000e7080000)
 ParOldGen       total 185344K, used 17715K [0x0000000080000000, 0x000000008b500000, 0x00000000d5580000)
  object space 185344K, 9% used [0x0000000080000000,0x000000008114cc58,0x000000008b500000)
 Metaspace       used 34350K, capacity 35454K, committed 35496K, reserved 1079296K
  class space    used 4696K, capacity 5009K, committed 5040K, reserved 1048576K
}
Event: 2,797 GC heap before
{Heap before GC invocations=8 (full 2):
 PSYoungGen      total 268800K, used 258048K [0x00000000d5580000, 0x00000000e7080000, 0x0000000100000000)
  eden space 258048K, 100% used [0x00000000d5580000,0x00000000e5180000,0x00000000e5180000)
  from space 10752K, 0% used [0x00000000e5180000,0x00000000e5180000,0x00000000e5c00000)
  to   space 14848K, 0% used [0x00000000e6200000,0x00000000e6200000,0x00000000e7080000)
 ParOldGen       total 185344K, used 17715K [0x0000000080000000, 0x000000008b500000, 0x00000000d5580000)
  object space 185344K, 9% used [0x0000000080000000,0x000000008114cc58,0x000000008b500000)
 Metaspace       used 52813K, capacity 54768K, committed 54952K, reserved 1097728K
  class space    used 7067K, capacity 7530K, committed 7600K, reserved 1048576K
Event: 2,811 GC heap after
Heap after GC invocations=8 (full 2):
 PSYoungGen      total 266240K, used 14826K [0x00000000d5580000, 0x00000000edb00000, 0x0000000100000000)
  eden space 251392K, 0% used [0x00000000d5580000,0x00000000d5580000,0x00000000e4b00000)
  from space 14848K, 99% used [0x00000000e6200000,0x00000000e707ab28,0x00000000e7080000)
  to   space 23552K, 0% used [0x00000000e4b00000,0x00000000e4b00000,0x00000000e6200000)
 ParOldGen       total 185344K, used 29736K [0x0000000080000000, 0x000000008b500000, 0x00000000d5580000)
  object space 185344K, 16% used [0x0000000080000000,0x0000000081d0a3a8,0x000000008b500000)
 Metaspace       used 52813K, capacity 54768K, committed 54952K, reserved 1097728K
  class space    used 7067K, capacity 7530K, committed 7600K, reserved 1048576K
}
Event: 3,084 GC heap before
{Heap before GC invocations=9 (full 2):
 PSYoungGen      total 266240K, used 65983K [0x00000000d5580000, 0x00000000edb00000, 0x0000000100000000)
  eden space 251392K, 20% used [0x00000000d5580000,0x00000000d8775130,0x00000000e4b00000)
  from space 14848K, 99% used [0x00000000e6200000,0x00000000e707ab28,0x00000000e7080000)
  to   space 23552K, 0% used [0x00000000e4b00000,0x00000000e4b00000,0x00000000e6200000)
 ParOldGen       total 185344K, used 29736K [0x0000000080000000, 0x000000008b500000, 0x00000000d5580000)
  object space 185344K, 16% used [0x0000000080000000,0x0000000081d0a3a8,0x000000008b500000)
 Metaspace       used 57007K, capacity 59122K, committed 59160K, reserved 1099776K
  class space    used 7750K, capacity 8218K, committed 8240K, reserved 1048576K
Event: 3,092 GC heap after
Heap after GC invocations=9 (full 2):
 PSYoungGen      total 274944K, used 19335K [0x00000000d5580000, 0x00000000edd80000, 0x0000000100000000)
  eden space 251392K, 0% used [0x00000000d5580000,0x00000000d5580000,0x00000000e4b00000)
  from space 23552K, 82% used [0x00000000e4b00000,0x00000000e5de1d18,0x00000000e6200000)
  to   space 25088K, 0% used [0x00000000ec500000,0x00000000ec500000,0x00000000edd80000)
 ParOldGen       total 185344K, used 29744K [0x0000000080000000, 0x000000008b500000, 0x00000000d5580000)
  object space 185344K, 16% used [0x0000000080000000,0x0000000081d0c3a8,0x000000008b500000)
 Metaspace       used 57007K, capacity 59122K, committed 59160K, reserved 1099776K
  class space    used 7750K, capacity 8218K, committed 8240K, reserved 1048576K
}
Event: 3,092 GC heap before
{Heap before GC invocations=10 (full 3):
 PSYoungGen      total 274944K, used 19335K [0x00000000d5580000, 0x00000000edd80000, 0x0000000100000000)
  eden space 251392K, 0% used [0x00000000d5580000,0x00000000d5580000,0x00000000e4b00000)
  from space 23552K, 82% used [0x00000000e4b00000,0x00000000e5de1d18,0x00000000e6200000)
  to   space 25088K, 0% used [0x00000000ec500000,0x00000000ec500000,0x00000000edd80000)
 ParOldGen       total 185344K, used 29744K [0x0000000080000000, 0x000000008b500000, 0x00000000d5580000)
  object space 185344K, 16% used [0x0000000080000000,0x0000000081d0c3a8,0x000000008b500000)
 Metaspace       used 57007K, capacity 59122K, committed 59160K, reserved 1099776K
  class space    used 7750K, capacity 8218K, committed 8240K, reserved 1048576K
Event: 3,173 GC heap after
Heap after GC invocations=10 (full 3):
 PSYoungGen      total 274944K, used 0K [0x00000000d5580000, 0x00000000edd80000, 0x0000000100000000)
  eden space 251392K, 0% used [0x00000000d5580000,0x00000000d5580000,0x00000000e4b00000)
  from space 23552K, 0% used [0x00000000e4b00000,0x00000000e4b00000,0x00000000e6200000)
  to   space 25088K, 0% used [0x00000000ec500000,0x00000000ec500000,0x00000000edd80000)
 ParOldGen       total 271360K, used 33484K [0x0000000080000000, 0x0000000090900000, 0x00000000d5580000)
  object space 271360K, 12% used [0x0000000080000000,0x00000000820b31d8,0x0000000090900000)
 Metaspace       used 56978K, capacity 59026K, committed 59160K, reserved 1099776K
  class space    used 7741K, capacity 8202K, committed 8240K, reserved 1048576K
}

